2012-07-12 13:57:43  INFO impl.SuggestionEngineImpl - Begin the entity indexation index-org
2012-07-12 13:57:43 TRACE util.SystemUtils - Using thread classloader
2012-07-12 13:57:44 TRACE lib.SystemUtils - Using thread classloader
2012-07-12 13:57:44 DEBUG mgt.ARQMgt - Register MBean: com.hp.hpl.jena.sparql.system:type=Context
2012-07-12 13:57:44 DEBUG mgt.ARQMgt - Register MBean: com.hp.hpl.jena.sparql.system:type=Engine
2012-07-12 13:57:44 DEBUG mgt.ARQMgt - Register MBean: com.hp.hpl.jena.sparql.system:type=SystemInfo
2012-07-12 13:57:44 DEBUG mgt.ARQMgt - Register MBean: com.hp.hpl.jena.sparql.system:type=SystemInfo
2012-07-12 13:57:44 DEBUG mgt.ARQMgt - Register MBean: org.openjena.riot.system:type=SystemInfo
2012-07-13 13:10:50  INFO impl.SuggestionEngineImpl - Begin the entity indexation index-org
2012-07-13 13:10:50  INFO impl.SuggestionEngineImpl - Search directory
2012-07-13 13:10:50 ERROR impl.SuggestionEngineImpl - Directory not found with name index-org. Create a new one
weso.ggestion.core.business.SuggestionException: Directory not found
	at weso.ggestion.core.business.AbstractSuggestionEngine.getDirectory(AbstractSuggestionEngine.java:42)
	at weso.ggestion.core.business.impl.SuggestionEngineImpl.indexEntities(SuggestionEngineImpl.java:262)
	at weso.ggestion.facade.WESOggestionImpl.indexEntities(WESOggestionImpl.java:29)
	at main.Main.main(Main.java:28)
2012-07-13 13:10:51 TRACE util.SystemUtils - Using thread classloader
2012-07-13 13:10:51 TRACE lib.SystemUtils - Using thread classloader
2012-07-13 13:10:51 DEBUG mgt.ARQMgt - Register MBean: com.hp.hpl.jena.sparql.system:type=Context
2012-07-13 13:10:51 DEBUG mgt.ARQMgt - Register MBean: com.hp.hpl.jena.sparql.system:type=Engine
2012-07-13 13:10:51 DEBUG mgt.ARQMgt - Register MBean: com.hp.hpl.jena.sparql.system:type=SystemInfo
2012-07-13 13:10:51 DEBUG mgt.ARQMgt - Register MBean: com.hp.hpl.jena.sparql.system:type=SystemInfo
2012-07-13 13:10:51 DEBUG mgt.ARQMgt - Register MBean: org.openjena.riot.system:type=SystemInfo
2012-07-13 13:15:44  INFO impl.SuggestionEngineImpl - Begin the entity indexation index-org
2012-07-13 13:15:51  INFO impl.SuggestionEngineImpl - Search directory
2012-07-13 13:16:09 ERROR impl.SuggestionEngineImpl - Directory not found with name index-org. Create a new one
weso.ggestion.core.business.SuggestionException: Directory not found
	at weso.ggestion.core.business.AbstractSuggestionEngine.getDirectory(AbstractSuggestionEngine.java:42)
	at weso.ggestion.core.business.impl.SuggestionEngineImpl.indexEntities(SuggestionEngineImpl.java:262)
	at weso.ggestion.facade.WESOggestionImpl.indexEntities(WESOggestionImpl.java:29)
	at main.Main.main(Main.java:28)
2012-07-13 13:16:32 TRACE util.SystemUtils - Using thread classloader
2012-07-13 13:16:33 TRACE lib.SystemUtils - Using thread classloader
2012-07-13 13:16:33 DEBUG mgt.ARQMgt - Register MBean: com.hp.hpl.jena.sparql.system:type=Context
2012-07-13 13:16:33 DEBUG mgt.ARQMgt - Register MBean: com.hp.hpl.jena.sparql.system:type=Engine
2012-07-13 13:16:33 DEBUG mgt.ARQMgt - Register MBean: com.hp.hpl.jena.sparql.system:type=SystemInfo
2012-07-13 13:16:33 DEBUG mgt.ARQMgt - Register MBean: com.hp.hpl.jena.sparql.system:type=SystemInfo
2012-07-13 13:16:33 DEBUG mgt.ARQMgt - Register MBean: org.openjena.riot.system:type=SystemInfo
2012-07-13 13:18:51  INFO impl.SuggestionEngineImpl - Begin the entity indexation index-org
2012-07-13 13:18:51  INFO impl.SuggestionEngineImpl - Search directory
2012-07-13 13:18:51 ERROR impl.SuggestionEngineImpl - Directory not found with name index-org. Create a new one
weso.ggestion.core.business.SuggestionException: Directory not found
	at weso.ggestion.core.business.AbstractSuggestionEngine.getDirectory(AbstractSuggestionEngine.java:42)
	at weso.ggestion.core.business.impl.SuggestionEngineImpl.indexEntities(SuggestionEngineImpl.java:262)
	at weso.ggestion.facade.WESOggestionImpl.indexEntities(WESOggestionImpl.java:29)
	at main.Main.main(Main.java:28)
2012-07-13 13:18:51 TRACE util.SystemUtils - Using thread classloader
2012-07-13 13:18:51 TRACE lib.SystemUtils - Using thread classloader
2012-07-13 13:18:52 DEBUG mgt.ARQMgt - Register MBean: com.hp.hpl.jena.sparql.system:type=Context
2012-07-13 13:18:52 DEBUG mgt.ARQMgt - Register MBean: com.hp.hpl.jena.sparql.system:type=Engine
2012-07-13 13:18:52 DEBUG mgt.ARQMgt - Register MBean: com.hp.hpl.jena.sparql.system:type=SystemInfo
2012-07-13 13:18:52 DEBUG mgt.ARQMgt - Register MBean: com.hp.hpl.jena.sparql.system:type=SystemInfo
2012-07-13 13:18:52 DEBUG mgt.ARQMgt - Register MBean: org.openjena.riot.system:type=SystemInfo
2012-07-13 13:18:54  INFO impl.SuggestionEngineImpl - Begin the entity indexation index-org
2012-07-13 13:18:58  INFO impl.SuggestionEngineImpl - Search directory
2012-07-13 13:18:59 ERROR impl.SuggestionEngineImpl - Directory not found with name index-org. Create a new one
weso.ggestion.core.business.SuggestionException: Directory not found
	at weso.ggestion.core.business.AbstractSuggestionEngine.getDirectory(AbstractSuggestionEngine.java:42)
	at weso.ggestion.core.business.impl.SuggestionEngineImpl.indexEntities(SuggestionEngineImpl.java:262)
	at weso.ggestion.facade.WESOggestionImpl.indexEntities(WESOggestionImpl.java:29)
	at main.Main.main(Main.java:28)
2012-07-13 13:19:08 TRACE util.SystemUtils - Using thread classloader
2012-07-13 13:19:08 TRACE lib.SystemUtils - Using thread classloader
2012-07-13 13:19:08 DEBUG mgt.ARQMgt - Register MBean: com.hp.hpl.jena.sparql.system:type=Context
2012-07-13 13:19:08 DEBUG mgt.ARQMgt - Register MBean: com.hp.hpl.jena.sparql.system:type=Engine
2012-07-13 13:19:08 DEBUG mgt.ARQMgt - Register MBean: com.hp.hpl.jena.sparql.system:type=SystemInfo
2012-07-13 13:19:08 DEBUG mgt.ARQMgt - Register MBean: com.hp.hpl.jena.sparql.system:type=SystemInfo
2012-07-13 13:19:08 DEBUG mgt.ARQMgt - Register MBean: org.openjena.riot.system:type=SystemInfo
2012-07-13 13:19:34  INFO impl.SuggestionEngineImpl - Begin the entity indexation index-org
2012-07-13 13:19:36  INFO impl.SuggestionEngineImpl - Search directory
2012-07-13 13:19:36 ERROR impl.SuggestionEngineImpl - Directory not found with name index-org. Create a new one
weso.ggestion.core.business.SuggestionException: Directory not found
	at weso.ggestion.core.business.AbstractSuggestionEngine.getDirectory(AbstractSuggestionEngine.java:42)
	at weso.ggestion.core.business.impl.SuggestionEngineImpl.indexEntities(SuggestionEngineImpl.java:262)
	at weso.ggestion.facade.WESOggestionImpl.indexEntities(WESOggestionImpl.java:29)
	at main.Main.main(Main.java:28)
2012-07-13 13:20:28  INFO impl.SuggestionEngineImpl - Begin the entity indexation index-org
2012-07-13 13:20:28  INFO impl.SuggestionEngineImpl - Search directory
2012-07-13 13:20:28 ERROR impl.SuggestionEngineImpl - Directory not found with name index-org. Create a new one
weso.ggestion.core.business.SuggestionException: Directory not found
	at weso.ggestion.core.business.AbstractSuggestionEngine.getDirectory(AbstractSuggestionEngine.java:42)
	at weso.ggestion.core.business.impl.SuggestionEngineImpl.indexEntities(SuggestionEngineImpl.java:262)
	at weso.ggestion.facade.WESOggestionImpl.indexEntities(WESOggestionImpl.java:29)
	at main.Main.main(Main.java:28)
2012-07-13 13:20:28 TRACE util.SystemUtils - Using thread classloader
2012-07-13 13:20:28 TRACE lib.SystemUtils - Using thread classloader
2012-07-13 13:20:28 DEBUG mgt.ARQMgt - Register MBean: com.hp.hpl.jena.sparql.system:type=Context
2012-07-13 13:20:28 DEBUG mgt.ARQMgt - Register MBean: com.hp.hpl.jena.sparql.system:type=Engine
2012-07-13 13:20:28 DEBUG mgt.ARQMgt - Register MBean: com.hp.hpl.jena.sparql.system:type=SystemInfo
2012-07-13 13:20:28 DEBUG mgt.ARQMgt - Register MBean: com.hp.hpl.jena.sparql.system:type=SystemInfo
2012-07-13 13:20:28 DEBUG mgt.ARQMgt - Register MBean: org.openjena.riot.system:type=SystemInfo
2012-07-13 13:20:28 TRACE http.HttpQuery - URL: http://156.35.31.192:9003/sparql
2012-07-13 13:20:28 TRACE http.HttpQuery - query=SELECT++%3Fresource+%3Flabel+%3Facrom%0AFROM+%3Chttp%3A%2F%2Fdatos.bcn.cl%2Frecurso%2Forganismo%2F%3E%0AFROM+%3Chttp%3A%2F%2Fdatos.bcn.cl%2Frecurso%2Fcl%2Forganismo%2F%3E%0AFROM+%3Chttp%3A%2F%2Fdatos.bcn.cl%2Frecurso%2Fcl%2Forganismo%2Fpartido-politico%2F%3E%0AWHERE%0A++%7B+%3Fresource+%3Chttp%3A%2F%2Fwww.w3.org%2F1999%2F02%2F22-rdf-syntax-ns%23type%3E+%3Chttp%3A%2F%2Fwww.w3.org%2Fns%2Forg%23FormalOrganization%3E+.%0A++++%3Fresource+%3Chttp%3A%2F%2Fwww.w3.org%2F2000%2F01%2Frdf-schema%23label%3E+%3Flabel%0A++++OPTIONAL%0A++++++%7B+%3Fresource+%3Chttp%3A%2F%2Fdatos.bcn.cl%2Fontologies%2Fbcn-biographies%23hasAcronym%3E+%3Facrom+%7D%0A++%7D%0A
2012-07-13 13:20:28 TRACE http.HttpQuery - GET http://156.35.31.192:9003/sparql?query=SELECT++%3Fresource+%3Flabel+%3Facrom%0AFROM+%3Chttp%3A%2F%2Fdatos.bcn.cl%2Frecurso%2Forganismo%2F%3E%0AFROM+%3Chttp%3A%2F%2Fdatos.bcn.cl%2Frecurso%2Fcl%2Forganismo%2F%3E%0AFROM+%3Chttp%3A%2F%2Fdatos.bcn.cl%2Frecurso%2Fcl%2Forganismo%2Fpartido-politico%2F%3E%0AWHERE%0A++%7B+%3Fresource+%3Chttp%3A%2F%2Fwww.w3.org%2F1999%2F02%2F22-rdf-syntax-ns%23type%3E+%3Chttp%3A%2F%2Fwww.w3.org%2Fns%2Forg%23FormalOrganization%3E+.%0A++++%3Fresource+%3Chttp%3A%2F%2Fwww.w3.org%2F2000%2F01%2Frdf-schema%23label%3E+%3Flabel%0A++++OPTIONAL%0A++++++%7B+%3Fresource+%3Chttp%3A%2F%2Fdatos.bcn.cl%2Fontologies%2Fbcn-biographies%23hasAcronym%3E+%3Facrom+%7D%0A++%7D%0A
2012-07-13 13:20:31  INFO impl.SuggestionEngineImpl - Begin the entity indexation index-org
2012-07-13 13:20:31  INFO impl.SuggestionEngineImpl - Search directory
2012-07-13 13:20:31 TRACE http.HttpQuery - URL: http://156.35.31.192:9003/sparql
2012-07-13 13:20:31 TRACE http.HttpQuery - query=SELECT++%3Fresource+%3Flabel+%3Facrom%0AFROM+%3Chttp%3A%2F%2Fdatos.bcn.cl%2Frecurso%2Forganismo%2F%3E%0AFROM+%3Chttp%3A%2F%2Fdatos.bcn.cl%2Frecurso%2Fcl%2Forganismo%2F%3E%0AFROM+%3Chttp%3A%2F%2Fdatos.bcn.cl%2Frecurso%2Fcl%2Forganismo%2Fpartido-politico%2F%3E%0AWHERE%0A++%7B+%3Fresource+%3Chttp%3A%2F%2Fwww.w3.org%2F1999%2F02%2F22-rdf-syntax-ns%23type%3E+%3Chttp%3A%2F%2Fwww.w3.org%2Fns%2Forg%23FormalOrganization%3E+.%0A++++%3Fresource+%3Chttp%3A%2F%2Fwww.w3.org%2F2000%2F01%2Frdf-schema%23label%3E+%3Flabel%0A++++OPTIONAL%0A++++++%7B+%3Fresource+%3Chttp%3A%2F%2Fdatos.bcn.cl%2Fontologies%2Fbcn-biographies%23hasAcronym%3E+%3Facrom+%7D%0A++%7D%0A
2012-07-13 13:20:31 TRACE http.HttpQuery - GET http://156.35.31.192:9003/sparql?query=SELECT++%3Fresource+%3Flabel+%3Facrom%0AFROM+%3Chttp%3A%2F%2Fdatos.bcn.cl%2Frecurso%2Forganismo%2F%3E%0AFROM+%3Chttp%3A%2F%2Fdatos.bcn.cl%2Frecurso%2Fcl%2Forganismo%2F%3E%0AFROM+%3Chttp%3A%2F%2Fdatos.bcn.cl%2Frecurso%2Fcl%2Forganismo%2Fpartido-politico%2F%3E%0AWHERE%0A++%7B+%3Fresource+%3Chttp%3A%2F%2Fwww.w3.org%2F1999%2F02%2F22-rdf-syntax-ns%23type%3E+%3Chttp%3A%2F%2Fwww.w3.org%2Fns%2Forg%23FormalOrganization%3E+.%0A++++%3Fresource+%3Chttp%3A%2F%2Fwww.w3.org%2F2000%2F01%2Frdf-schema%23label%3E+%3Flabel%0A++++OPTIONAL%0A++++++%7B+%3Fresource+%3Chttp%3A%2F%2Fdatos.bcn.cl%2Fontologies%2Fbcn-biographies%23hasAcronym%3E+%3Facrom+%7D%0A++%7D%0A
2012-07-13 13:20:32  INFO impl.SuggestionEngineImpl - Start searching suggestions for the label "Ministerio de economía" in the directory index-org
2012-07-13 13:20:32  INFO impl.SuggestionEngineImpl - Performing a BasicQuery
2012-07-13 13:21:52  INFO impl.SuggestionEngineImpl - Begin the entity indexation index-org
2012-07-13 13:21:56  INFO impl.SuggestionEngineImpl - Search directory
2012-07-13 13:21:59 ERROR impl.SuggestionEngineImpl - Directory not found with name index-org. Create a new one
weso.ggestion.core.business.SuggestionException: Directory not found
	at weso.ggestion.core.business.AbstractSuggestionEngine.getDirectory(AbstractSuggestionEngine.java:42)
	at weso.ggestion.core.business.impl.SuggestionEngineImpl.indexEntities(SuggestionEngineImpl.java:262)
	at weso.ggestion.facade.WESOggestionImpl.indexEntities(WESOggestionImpl.java:29)
	at main.Main.main(Main.java:28)
2012-07-13 13:22:02 TRACE util.SystemUtils - Using thread classloader
2012-07-13 13:22:03 TRACE lib.SystemUtils - Using thread classloader
2012-07-13 13:22:03 DEBUG mgt.ARQMgt - Register MBean: com.hp.hpl.jena.sparql.system:type=Context
2012-07-13 13:22:03 DEBUG mgt.ARQMgt - Register MBean: com.hp.hpl.jena.sparql.system:type=Engine
2012-07-13 13:22:03 DEBUG mgt.ARQMgt - Register MBean: com.hp.hpl.jena.sparql.system:type=SystemInfo
2012-07-13 13:22:03 DEBUG mgt.ARQMgt - Register MBean: com.hp.hpl.jena.sparql.system:type=SystemInfo
2012-07-13 13:22:03 DEBUG mgt.ARQMgt - Register MBean: org.openjena.riot.system:type=SystemInfo
2012-07-13 13:22:03 TRACE http.HttpQuery - URL: http://156.35.31.192:9003/sparql
2012-07-13 13:22:03 TRACE http.HttpQuery - query=SELECT++%3Fresource+%3Flabel+%3Facrom%0AFROM+%3Chttp%3A%2F%2Fdatos.bcn.cl%2Frecurso%2Forganismo%2F%3E%0AFROM+%3Chttp%3A%2F%2Fdatos.bcn.cl%2Frecurso%2Fcl%2Forganismo%2F%3E%0AFROM+%3Chttp%3A%2F%2Fdatos.bcn.cl%2Frecurso%2Fcl%2Forganismo%2Fpartido-politico%2F%3E%0AWHERE%0A++%7B+%3Fresource+%3Chttp%3A%2F%2Fwww.w3.org%2F1999%2F02%2F22-rdf-syntax-ns%23type%3E+%3Chttp%3A%2F%2Fwww.w3.org%2Fns%2Forg%23FormalOrganization%3E+.%0A++++%3Fresource+%3Chttp%3A%2F%2Fwww.w3.org%2F2000%2F01%2Frdf-schema%23label%3E+%3Flabel%0A++++OPTIONAL%0A++++++%7B+%3Fresource+%3Chttp%3A%2F%2Fdatos.bcn.cl%2Fontologies%2Fbcn-biographies%23hasAcronym%3E+%3Facrom+%7D%0A++%7D%0A
2012-07-13 13:22:03 TRACE http.HttpQuery - GET http://156.35.31.192:9003/sparql?query=SELECT++%3Fresource+%3Flabel+%3Facrom%0AFROM+%3Chttp%3A%2F%2Fdatos.bcn.cl%2Frecurso%2Forganismo%2F%3E%0AFROM+%3Chttp%3A%2F%2Fdatos.bcn.cl%2Frecurso%2Fcl%2Forganismo%2F%3E%0AFROM+%3Chttp%3A%2F%2Fdatos.bcn.cl%2Frecurso%2Fcl%2Forganismo%2Fpartido-politico%2F%3E%0AWHERE%0A++%7B+%3Fresource+%3Chttp%3A%2F%2Fwww.w3.org%2F1999%2F02%2F22-rdf-syntax-ns%23type%3E+%3Chttp%3A%2F%2Fwww.w3.org%2Fns%2Forg%23FormalOrganization%3E+.%0A++++%3Fresource+%3Chttp%3A%2F%2Fwww.w3.org%2F2000%2F01%2Frdf-schema%23label%3E+%3Flabel%0A++++OPTIONAL%0A++++++%7B+%3Fresource+%3Chttp%3A%2F%2Fdatos.bcn.cl%2Fontologies%2Fbcn-biographies%23hasAcronym%3E+%3Facrom+%7D%0A++%7D%0A
2012-07-13 13:22:05  INFO impl.SuggestionEngineImpl - Begin the entity indexation index-org
2012-07-13 13:22:10  INFO impl.SuggestionEngineImpl - Search directory
2012-07-13 13:23:32  INFO impl.SuggestionEngineImpl - Begin the entity indexation index-org
2012-07-13 13:23:34  INFO impl.SuggestionEngineImpl - Search directory
2012-07-13 13:23:34 ERROR impl.SuggestionEngineImpl - Directory not found with name index-org. Create a new one
weso.ggestion.core.business.SuggestionException: Directory not found
	at weso.ggestion.core.business.AbstractSuggestionEngine.getDirectory(AbstractSuggestionEngine.java:42)
	at weso.ggestion.core.business.impl.SuggestionEngineImpl.indexEntities(SuggestionEngineImpl.java:262)
	at weso.ggestion.facade.WESOggestionImpl.indexEntities(WESOggestionImpl.java:29)
	at main.Main.main(Main.java:28)
2012-07-13 13:23:35 TRACE util.SystemUtils - Using thread classloader
2012-07-13 13:23:36 TRACE lib.SystemUtils - Using thread classloader
2012-07-13 13:23:36 DEBUG mgt.ARQMgt - Register MBean: com.hp.hpl.jena.sparql.system:type=Context
2012-07-13 13:23:36 DEBUG mgt.ARQMgt - Register MBean: com.hp.hpl.jena.sparql.system:type=Engine
2012-07-13 13:23:36 DEBUG mgt.ARQMgt - Register MBean: com.hp.hpl.jena.sparql.system:type=SystemInfo
2012-07-13 13:23:36 DEBUG mgt.ARQMgt - Register MBean: com.hp.hpl.jena.sparql.system:type=SystemInfo
2012-07-13 13:23:36 DEBUG mgt.ARQMgt - Register MBean: org.openjena.riot.system:type=SystemInfo
2012-07-13 13:23:36 TRACE http.HttpQuery - URL: http://156.35.31.192:9003/sparql
2012-07-13 13:23:36 TRACE http.HttpQuery - query=SELECT++%3Fresource+%3Flabel+%3Facrom%0AFROM+%3Chttp%3A%2F%2Fdatos.bcn.cl%2Frecurso%2Forganismo%2F%3E%0AFROM+%3Chttp%3A%2F%2Fdatos.bcn.cl%2Frecurso%2Fcl%2Forganismo%2F%3E%0AFROM+%3Chttp%3A%2F%2Fdatos.bcn.cl%2Frecurso%2Fcl%2Forganismo%2Fpartido-politico%2F%3E%0AWHERE%0A++%7B+%3Fresource+%3Chttp%3A%2F%2Fwww.w3.org%2F1999%2F02%2F22-rdf-syntax-ns%23type%3E+%3Chttp%3A%2F%2Fwww.w3.org%2Fns%2Forg%23FormalOrganization%3E+.%0A++++%3Fresource+%3Chttp%3A%2F%2Fwww.w3.org%2F2000%2F01%2Frdf-schema%23label%3E+%3Flabel%0A++++OPTIONAL%0A++++++%7B+%3Fresource+%3Chttp%3A%2F%2Fdatos.bcn.cl%2Fontologies%2Fbcn-biographies%23hasAcronym%3E+%3Facrom+%7D%0A++%7D%0A
2012-07-13 13:23:36 TRACE http.HttpQuery - GET http://156.35.31.192:9003/sparql?query=SELECT++%3Fresource+%3Flabel+%3Facrom%0AFROM+%3Chttp%3A%2F%2Fdatos.bcn.cl%2Frecurso%2Forganismo%2F%3E%0AFROM+%3Chttp%3A%2F%2Fdatos.bcn.cl%2Frecurso%2Fcl%2Forganismo%2F%3E%0AFROM+%3Chttp%3A%2F%2Fdatos.bcn.cl%2Frecurso%2Fcl%2Forganismo%2Fpartido-politico%2F%3E%0AWHERE%0A++%7B+%3Fresource+%3Chttp%3A%2F%2Fwww.w3.org%2F1999%2F02%2F22-rdf-syntax-ns%23type%3E+%3Chttp%3A%2F%2Fwww.w3.org%2Fns%2Forg%23FormalOrganization%3E+.%0A++++%3Fresource+%3Chttp%3A%2F%2Fwww.w3.org%2F2000%2F01%2Frdf-schema%23label%3E+%3Flabel%0A++++OPTIONAL%0A++++++%7B+%3Fresource+%3Chttp%3A%2F%2Fdatos.bcn.cl%2Fontologies%2Fbcn-biographies%23hasAcronym%3E+%3Facrom+%7D%0A++%7D%0A
2012-07-13 13:23:38  INFO impl.SuggestionEngineImpl - Begin the entity indexation index-org
2012-07-13 13:23:40  INFO impl.SuggestionEngineImpl - Search directory
2012-07-13 13:24:34  INFO impl.SuggestionEngineImpl - Begin the entity indexation index-org
2012-07-13 13:24:34  INFO impl.SuggestionEngineImpl - Search directory
2012-07-13 13:24:34 ERROR impl.SuggestionEngineImpl - Directory not found with name index-org. Create a new one
weso.ggestion.core.business.SuggestionException: Directory not found
	at weso.ggestion.core.business.AbstractSuggestionEngine.getDirectory(AbstractSuggestionEngine.java:42)
	at weso.ggestion.core.business.impl.SuggestionEngineImpl.indexEntities(SuggestionEngineImpl.java:262)
	at weso.ggestion.facade.WESOggestionImpl.indexEntities(WESOggestionImpl.java:29)
	at main.Main.main(Main.java:28)
2012-07-13 13:24:38 TRACE util.SystemUtils - Using thread classloader
2012-07-13 13:24:38 TRACE lib.SystemUtils - Using thread classloader
2012-07-13 13:24:38 DEBUG mgt.ARQMgt - Register MBean: com.hp.hpl.jena.sparql.system:type=Context
2012-07-13 13:24:38 DEBUG mgt.ARQMgt - Register MBean: com.hp.hpl.jena.sparql.system:type=Engine
2012-07-13 13:24:38 DEBUG mgt.ARQMgt - Register MBean: com.hp.hpl.jena.sparql.system:type=SystemInfo
2012-07-13 13:24:38 DEBUG mgt.ARQMgt - Register MBean: com.hp.hpl.jena.sparql.system:type=SystemInfo
2012-07-13 13:24:38 DEBUG mgt.ARQMgt - Register MBean: org.openjena.riot.system:type=SystemInfo
2012-07-13 13:24:38 TRACE http.HttpQuery - URL: http://156.35.31.192:9003/sparql
2012-07-13 13:24:38 TRACE http.HttpQuery - query=SELECT++%3Fresource+%3Flabel+%3Facrom%0AFROM+%3Chttp%3A%2F%2Fdatos.bcn.cl%2Frecurso%2Forganismo%2F%3E%0AFROM+%3Chttp%3A%2F%2Fdatos.bcn.cl%2Frecurso%2Fcl%2Forganismo%2F%3E%0AFROM+%3Chttp%3A%2F%2Fdatos.bcn.cl%2Frecurso%2Fcl%2Forganismo%2Fpartido-politico%2F%3E%0AWHERE%0A++%7B+%3Fresource+%3Chttp%3A%2F%2Fwww.w3.org%2F1999%2F02%2F22-rdf-syntax-ns%23type%3E+%3Chttp%3A%2F%2Fwww.w3.org%2Fns%2Forg%23FormalOrganization%3E+.%0A++++%3Fresource+%3Chttp%3A%2F%2Fwww.w3.org%2F2000%2F01%2Frdf-schema%23label%3E+%3Flabel%0A++++OPTIONAL%0A++++++%7B+%3Fresource+%3Chttp%3A%2F%2Fdatos.bcn.cl%2Fontologies%2Fbcn-biographies%23hasAcronym%3E+%3Facrom+%7D%0A++%7D%0A
2012-07-13 13:24:38 TRACE http.HttpQuery - GET http://156.35.31.192:9003/sparql?query=SELECT++%3Fresource+%3Flabel+%3Facrom%0AFROM+%3Chttp%3A%2F%2Fdatos.bcn.cl%2Frecurso%2Forganismo%2F%3E%0AFROM+%3Chttp%3A%2F%2Fdatos.bcn.cl%2Frecurso%2Fcl%2Forganismo%2F%3E%0AFROM+%3Chttp%3A%2F%2Fdatos.bcn.cl%2Frecurso%2Fcl%2Forganismo%2Fpartido-politico%2F%3E%0AWHERE%0A++%7B+%3Fresource+%3Chttp%3A%2F%2Fwww.w3.org%2F1999%2F02%2F22-rdf-syntax-ns%23type%3E+%3Chttp%3A%2F%2Fwww.w3.org%2Fns%2Forg%23FormalOrganization%3E+.%0A++++%3Fresource+%3Chttp%3A%2F%2Fwww.w3.org%2F2000%2F01%2Frdf-schema%23label%3E+%3Flabel%0A++++OPTIONAL%0A++++++%7B+%3Fresource+%3Chttp%3A%2F%2Fdatos.bcn.cl%2Fontologies%2Fbcn-biographies%23hasAcronym%3E+%3Facrom+%7D%0A++%7D%0A
2012-07-13 13:24:40  INFO impl.SuggestionEngineImpl - Begin the entity indexation index-org
2012-07-13 13:24:40  INFO impl.SuggestionEngineImpl - Search directory
2012-07-13 13:25:14  INFO impl.SuggestionEngineImpl - Begin the entity indexation index-org
2012-07-13 13:25:14  INFO impl.SuggestionEngineImpl - Search directory
2012-07-13 13:25:14 ERROR impl.SuggestionEngineImpl - Directory not found with name index-org. Create a new one
weso.ggestion.core.business.SuggestionException: Directory not found
	at weso.ggestion.core.business.AbstractSuggestionEngine.getDirectory(AbstractSuggestionEngine.java:42)
	at weso.ggestion.core.business.impl.SuggestionEngineImpl.indexEntities(SuggestionEngineImpl.java:262)
	at weso.ggestion.facade.WESOggestionImpl.indexEntities(WESOggestionImpl.java:29)
	at main.Main.main(Main.java:28)
2012-07-13 13:25:14 TRACE util.SystemUtils - Using thread classloader
2012-07-13 13:25:15 TRACE lib.SystemUtils - Using thread classloader
2012-07-13 13:25:15 DEBUG mgt.ARQMgt - Register MBean: com.hp.hpl.jena.sparql.system:type=Context
2012-07-13 13:25:15 DEBUG mgt.ARQMgt - Register MBean: com.hp.hpl.jena.sparql.system:type=Engine
2012-07-13 13:25:15 DEBUG mgt.ARQMgt - Register MBean: com.hp.hpl.jena.sparql.system:type=SystemInfo
2012-07-13 13:25:15 DEBUG mgt.ARQMgt - Register MBean: com.hp.hpl.jena.sparql.system:type=SystemInfo
2012-07-13 13:25:15 DEBUG mgt.ARQMgt - Register MBean: org.openjena.riot.system:type=SystemInfo
2012-07-13 13:25:15 TRACE http.HttpQuery - URL: http://156.35.31.192:9003/sparql
2012-07-13 13:25:15 TRACE http.HttpQuery - query=SELECT++%3Fresource+%3Flabel+%3Facrom%0AFROM+%3Chttp%3A%2F%2Fdatos.bcn.cl%2Frecurso%2Forganismo%2F%3E%0AFROM+%3Chttp%3A%2F%2Fdatos.bcn.cl%2Frecurso%2Fcl%2Forganismo%2F%3E%0AFROM+%3Chttp%3A%2F%2Fdatos.bcn.cl%2Frecurso%2Fcl%2Forganismo%2Fpartido-politico%2F%3E%0AWHERE%0A++%7B+%3Fresource+%3Chttp%3A%2F%2Fwww.w3.org%2F1999%2F02%2F22-rdf-syntax-ns%23type%3E+%3Chttp%3A%2F%2Fwww.w3.org%2Fns%2Forg%23FormalOrganization%3E+.%0A++++%3Fresource+%3Chttp%3A%2F%2Fwww.w3.org%2F2000%2F01%2Frdf-schema%23label%3E+%3Flabel%0A++++OPTIONAL%0A++++++%7B+%3Fresource+%3Chttp%3A%2F%2Fdatos.bcn.cl%2Fontologies%2Fbcn-biographies%23hasAcronym%3E+%3Facrom+%7D%0A++%7D%0A
2012-07-13 13:25:15 TRACE http.HttpQuery - GET http://156.35.31.192:9003/sparql?query=SELECT++%3Fresource+%3Flabel+%3Facrom%0AFROM+%3Chttp%3A%2F%2Fdatos.bcn.cl%2Frecurso%2Forganismo%2F%3E%0AFROM+%3Chttp%3A%2F%2Fdatos.bcn.cl%2Frecurso%2Fcl%2Forganismo%2F%3E%0AFROM+%3Chttp%3A%2F%2Fdatos.bcn.cl%2Frecurso%2Fcl%2Forganismo%2Fpartido-politico%2F%3E%0AWHERE%0A++%7B+%3Fresource+%3Chttp%3A%2F%2Fwww.w3.org%2F1999%2F02%2F22-rdf-syntax-ns%23type%3E+%3Chttp%3A%2F%2Fwww.w3.org%2Fns%2Forg%23FormalOrganization%3E+.%0A++++%3Fresource+%3Chttp%3A%2F%2Fwww.w3.org%2F2000%2F01%2Frdf-schema%23label%3E+%3Flabel%0A++++OPTIONAL%0A++++++%7B+%3Fresource+%3Chttp%3A%2F%2Fdatos.bcn.cl%2Fontologies%2Fbcn-biographies%23hasAcronym%3E+%3Facrom+%7D%0A++%7D%0A
2012-07-13 13:25:17  INFO impl.SuggestionEngineImpl - Begin the entity indexation index-org
2012-07-13 13:25:17  INFO impl.SuggestionEngineImpl - Search directory
2012-07-13 13:29:47  INFO impl.SuggestionEngineImpl - Begin the entity indexation index-org
2012-07-13 13:29:47  INFO impl.SuggestionEngineImpl - Search directory
2012-07-13 13:29:47 ERROR impl.SuggestionEngineImpl - Directory not found with name index-org. Create a new one
weso.ggestion.core.business.SuggestionException: Directory not found
	at weso.ggestion.core.business.AbstractSuggestionEngine.getDirectory(AbstractSuggestionEngine.java:42)
	at weso.ggestion.core.business.impl.SuggestionEngineImpl.indexEntities(SuggestionEngineImpl.java:263)
	at weso.ggestion.facade.WESOggestionImpl.indexEntities(WESOggestionImpl.java:29)
	at main.Main.main(Main.java:28)
2012-07-13 13:29:47 TRACE util.SystemUtils - Using thread classloader
2012-07-13 13:29:47 TRACE lib.SystemUtils - Using thread classloader
2012-07-13 13:29:47 DEBUG mgt.ARQMgt - Register MBean: com.hp.hpl.jena.sparql.system:type=Context
2012-07-13 13:29:47 DEBUG mgt.ARQMgt - Register MBean: com.hp.hpl.jena.sparql.system:type=Engine
2012-07-13 13:29:47 DEBUG mgt.ARQMgt - Register MBean: com.hp.hpl.jena.sparql.system:type=SystemInfo
2012-07-13 13:29:47 DEBUG mgt.ARQMgt - Register MBean: com.hp.hpl.jena.sparql.system:type=SystemInfo
2012-07-13 13:29:47 DEBUG mgt.ARQMgt - Register MBean: org.openjena.riot.system:type=SystemInfo
2012-07-13 13:29:47 TRACE http.HttpQuery - URL: http://156.35.31.192:9003/sparql
2012-07-13 13:29:47 TRACE http.HttpQuery - query=SELECT++%3Fresource+%3Flabel+%3Facrom%0AFROM+%3Chttp%3A%2F%2Fdatos.bcn.cl%2Frecurso%2Forganismo%2F%3E%0AFROM+%3Chttp%3A%2F%2Fdatos.bcn.cl%2Frecurso%2Fcl%2Forganismo%2F%3E%0AFROM+%3Chttp%3A%2F%2Fdatos.bcn.cl%2Frecurso%2Fcl%2Forganismo%2Fpartido-politico%2F%3E%0AWHERE%0A++%7B+%3Fresource+%3Chttp%3A%2F%2Fwww.w3.org%2F1999%2F02%2F22-rdf-syntax-ns%23type%3E+%3Chttp%3A%2F%2Fwww.w3.org%2Fns%2Forg%23FormalOrganization%3E+.%0A++++%3Fresource+%3Chttp%3A%2F%2Fwww.w3.org%2F2000%2F01%2Frdf-schema%23label%3E+%3Flabel%0A++++OPTIONAL%0A++++++%7B+%3Fresource+%3Chttp%3A%2F%2Fdatos.bcn.cl%2Fontologies%2Fbcn-biographies%23hasAcronym%3E+%3Facrom+%7D%0A++%7D%0A
2012-07-13 13:29:47 TRACE http.HttpQuery - GET http://156.35.31.192:9003/sparql?query=SELECT++%3Fresource+%3Flabel+%3Facrom%0AFROM+%3Chttp%3A%2F%2Fdatos.bcn.cl%2Frecurso%2Forganismo%2F%3E%0AFROM+%3Chttp%3A%2F%2Fdatos.bcn.cl%2Frecurso%2Fcl%2Forganismo%2F%3E%0AFROM+%3Chttp%3A%2F%2Fdatos.bcn.cl%2Frecurso%2Fcl%2Forganismo%2Fpartido-politico%2F%3E%0AWHERE%0A++%7B+%3Fresource+%3Chttp%3A%2F%2Fwww.w3.org%2F1999%2F02%2F22-rdf-syntax-ns%23type%3E+%3Chttp%3A%2F%2Fwww.w3.org%2Fns%2Forg%23FormalOrganization%3E+.%0A++++%3Fresource+%3Chttp%3A%2F%2Fwww.w3.org%2F2000%2F01%2Frdf-schema%23label%3E+%3Flabel%0A++++OPTIONAL%0A++++++%7B+%3Fresource+%3Chttp%3A%2F%2Fdatos.bcn.cl%2Fontologies%2Fbcn-biographies%23hasAcronym%3E+%3Facrom+%7D%0A++%7D%0A
2012-07-13 13:29:49  INFO impl.SuggestionEngineImpl - Begin the entity indexation index-org
2012-07-13 13:29:49  INFO impl.SuggestionEngineImpl - Search directory
2012-07-13 13:29:49  INFO impl.SuggestionEngineImpl - Borrado: true
2012-07-13 13:29:49 TRACE http.HttpQuery - URL: http://156.35.31.192:9003/sparql
2012-07-13 13:29:49 TRACE http.HttpQuery - query=SELECT++%3Fresource+%3Flabel+%3Facrom%0AFROM+%3Chttp%3A%2F%2Fdatos.bcn.cl%2Frecurso%2Forganismo%2F%3E%0AFROM+%3Chttp%3A%2F%2Fdatos.bcn.cl%2Frecurso%2Fcl%2Forganismo%2F%3E%0AFROM+%3Chttp%3A%2F%2Fdatos.bcn.cl%2Frecurso%2Fcl%2Forganismo%2Fpartido-politico%2F%3E%0AWHERE%0A++%7B+%3Fresource+%3Chttp%3A%2F%2Fwww.w3.org%2F1999%2F02%2F22-rdf-syntax-ns%23type%3E+%3Chttp%3A%2F%2Fwww.w3.org%2Fns%2Forg%23FormalOrganization%3E+.%0A++++%3Fresource+%3Chttp%3A%2F%2Fwww.w3.org%2F2000%2F01%2Frdf-schema%23label%3E+%3Flabel%0A++++OPTIONAL%0A++++++%7B+%3Fresource+%3Chttp%3A%2F%2Fdatos.bcn.cl%2Fontologies%2Fbcn-biographies%23hasAcronym%3E+%3Facrom+%7D%0A++%7D%0A
2012-07-13 13:29:49 TRACE http.HttpQuery - GET http://156.35.31.192:9003/sparql?query=SELECT++%3Fresource+%3Flabel+%3Facrom%0AFROM+%3Chttp%3A%2F%2Fdatos.bcn.cl%2Frecurso%2Forganismo%2F%3E%0AFROM+%3Chttp%3A%2F%2Fdatos.bcn.cl%2Frecurso%2Fcl%2Forganismo%2F%3E%0AFROM+%3Chttp%3A%2F%2Fdatos.bcn.cl%2Frecurso%2Fcl%2Forganismo%2Fpartido-politico%2F%3E%0AWHERE%0A++%7B+%3Fresource+%3Chttp%3A%2F%2Fwww.w3.org%2F1999%2F02%2F22-rdf-syntax-ns%23type%3E+%3Chttp%3A%2F%2Fwww.w3.org%2Fns%2Forg%23FormalOrganization%3E+.%0A++++%3Fresource+%3Chttp%3A%2F%2Fwww.w3.org%2F2000%2F01%2Frdf-schema%23label%3E+%3Flabel%0A++++OPTIONAL%0A++++++%7B+%3Fresource+%3Chttp%3A%2F%2Fdatos.bcn.cl%2Fontologies%2Fbcn-biographies%23hasAcronym%3E+%3Facrom+%7D%0A++%7D%0A
2012-07-13 13:29:50  INFO impl.SuggestionEngineImpl - Start searching suggestions for the label "Ministerio de economía" in the directory index-org
2012-07-13 13:29:50  INFO impl.SuggestionEngineImpl - Performing a BasicQuery
2012-07-13 13:30:29  INFO impl.SuggestionEngineImpl - Begin the entity indexation index-org
2012-07-13 13:30:29  INFO impl.SuggestionEngineImpl - Search directory
2012-07-13 13:30:29 ERROR impl.SuggestionEngineImpl - Directory not found with name index-org. Create a new one
weso.ggestion.core.business.SuggestionException: Directory not found
	at weso.ggestion.core.business.AbstractSuggestionEngine.getDirectory(AbstractSuggestionEngine.java:42)
	at weso.ggestion.core.business.impl.SuggestionEngineImpl.indexEntities(SuggestionEngineImpl.java:263)
	at weso.ggestion.facade.WESOggestionImpl.indexEntities(WESOggestionImpl.java:29)
	at main.Main.main(Main.java:28)
2012-07-13 13:30:30 TRACE util.SystemUtils - Using thread classloader
2012-07-13 13:30:30 TRACE lib.SystemUtils - Using thread classloader
2012-07-13 13:30:30 DEBUG mgt.ARQMgt - Register MBean: com.hp.hpl.jena.sparql.system:type=Context
2012-07-13 13:30:30 DEBUG mgt.ARQMgt - Register MBean: com.hp.hpl.jena.sparql.system:type=Engine
2012-07-13 13:30:30 DEBUG mgt.ARQMgt - Register MBean: com.hp.hpl.jena.sparql.system:type=SystemInfo
2012-07-13 13:30:30 DEBUG mgt.ARQMgt - Register MBean: com.hp.hpl.jena.sparql.system:type=SystemInfo
2012-07-13 13:30:30 DEBUG mgt.ARQMgt - Register MBean: org.openjena.riot.system:type=SystemInfo
2012-07-13 13:30:30 TRACE http.HttpQuery - URL: http://156.35.31.192:9003/sparql
2012-07-13 13:30:30 TRACE http.HttpQuery - query=SELECT++%3Fresource+%3Flabel+%3Facrom%0AFROM+%3Chttp%3A%2F%2Fdatos.bcn.cl%2Frecurso%2Forganismo%2F%3E%0AFROM+%3Chttp%3A%2F%2Fdatos.bcn.cl%2Frecurso%2Fcl%2Forganismo%2F%3E%0AFROM+%3Chttp%3A%2F%2Fdatos.bcn.cl%2Frecurso%2Fcl%2Forganismo%2Fpartido-politico%2F%3E%0AWHERE%0A++%7B+%3Fresource+%3Chttp%3A%2F%2Fwww.w3.org%2F1999%2F02%2F22-rdf-syntax-ns%23type%3E+%3Chttp%3A%2F%2Fwww.w3.org%2Fns%2Forg%23FormalOrganization%3E+.%0A++++%3Fresource+%3Chttp%3A%2F%2Fwww.w3.org%2F2000%2F01%2Frdf-schema%23label%3E+%3Flabel%0A++++OPTIONAL%0A++++++%7B+%3Fresource+%3Chttp%3A%2F%2Fdatos.bcn.cl%2Fontologies%2Fbcn-biographies%23hasAcronym%3E+%3Facrom+%7D%0A++%7D%0A
2012-07-13 13:30:30 TRACE http.HttpQuery - GET http://156.35.31.192:9003/sparql?query=SELECT++%3Fresource+%3Flabel+%3Facrom%0AFROM+%3Chttp%3A%2F%2Fdatos.bcn.cl%2Frecurso%2Forganismo%2F%3E%0AFROM+%3Chttp%3A%2F%2Fdatos.bcn.cl%2Frecurso%2Fcl%2Forganismo%2F%3E%0AFROM+%3Chttp%3A%2F%2Fdatos.bcn.cl%2Frecurso%2Fcl%2Forganismo%2Fpartido-politico%2F%3E%0AWHERE%0A++%7B+%3Fresource+%3Chttp%3A%2F%2Fwww.w3.org%2F1999%2F02%2F22-rdf-syntax-ns%23type%3E+%3Chttp%3A%2F%2Fwww.w3.org%2Fns%2Forg%23FormalOrganization%3E+.%0A++++%3Fresource+%3Chttp%3A%2F%2Fwww.w3.org%2F2000%2F01%2Frdf-schema%23label%3E+%3Flabel%0A++++OPTIONAL%0A++++++%7B+%3Fresource+%3Chttp%3A%2F%2Fdatos.bcn.cl%2Fontologies%2Fbcn-biographies%23hasAcronym%3E+%3Facrom+%7D%0A++%7D%0A
2012-07-13 13:30:32  INFO impl.SuggestionEngineImpl - Begin the entity indexation index-org
2012-07-13 13:30:32  INFO impl.SuggestionEngineImpl - Search directory
2012-07-13 13:30:32  INFO impl.SuggestionEngineImpl - Borrado: true
2012-07-13 13:30:32 TRACE http.HttpQuery - URL: http://156.35.31.192:9003/sparql
2012-07-13 13:30:32 TRACE http.HttpQuery - query=SELECT++%3Fresource+%3Flabel+%3Facrom%0AFROM+%3Chttp%3A%2F%2Fdatos.bcn.cl%2Frecurso%2Forganismo%2F%3E%0AFROM+%3Chttp%3A%2F%2Fdatos.bcn.cl%2Frecurso%2Fcl%2Forganismo%2F%3E%0AFROM+%3Chttp%3A%2F%2Fdatos.bcn.cl%2Frecurso%2Fcl%2Forganismo%2Fpartido-politico%2F%3E%0AWHERE%0A++%7B+%3Fresource+%3Chttp%3A%2F%2Fwww.w3.org%2F1999%2F02%2F22-rdf-syntax-ns%23type%3E+%3Chttp%3A%2F%2Fwww.w3.org%2Fns%2Forg%23FormalOrganization%3E+.%0A++++%3Fresource+%3Chttp%3A%2F%2Fwww.w3.org%2F2000%2F01%2Frdf-schema%23label%3E+%3Flabel%0A++++OPTIONAL%0A++++++%7B+%3Fresource+%3Chttp%3A%2F%2Fdatos.bcn.cl%2Fontologies%2Fbcn-biographies%23hasAcronym%3E+%3Facrom+%7D%0A++%7D%0A
2012-07-13 13:30:32 TRACE http.HttpQuery - GET http://156.35.31.192:9003/sparql?query=SELECT++%3Fresource+%3Flabel+%3Facrom%0AFROM+%3Chttp%3A%2F%2Fdatos.bcn.cl%2Frecurso%2Forganismo%2F%3E%0AFROM+%3Chttp%3A%2F%2Fdatos.bcn.cl%2Frecurso%2Fcl%2Forganismo%2F%3E%0AFROM+%3Chttp%3A%2F%2Fdatos.bcn.cl%2Frecurso%2Fcl%2Forganismo%2Fpartido-politico%2F%3E%0AWHERE%0A++%7B+%3Fresource+%3Chttp%3A%2F%2Fwww.w3.org%2F1999%2F02%2F22-rdf-syntax-ns%23type%3E+%3Chttp%3A%2F%2Fwww.w3.org%2Fns%2Forg%23FormalOrganization%3E+.%0A++++%3Fresource+%3Chttp%3A%2F%2Fwww.w3.org%2F2000%2F01%2Frdf-schema%23label%3E+%3Flabel%0A++++OPTIONAL%0A++++++%7B+%3Fresource+%3Chttp%3A%2F%2Fdatos.bcn.cl%2Fontologies%2Fbcn-biographies%23hasAcronym%3E+%3Facrom+%7D%0A++%7D%0A
2012-07-13 13:30:33  INFO impl.SuggestionEngineImpl - Start searching suggestions for the label "Ministerio de economía" in the directory index-org
2012-07-13 13:30:33  INFO impl.SuggestionEngineImpl - Performing a BasicQuery
2012-07-13 13:31:51  INFO impl.SuggestionEngineImpl - Begin the entity indexation index-org
2012-07-13 13:31:51  INFO impl.SuggestionEngineImpl - Search directory
2012-07-13 13:31:51 ERROR impl.SuggestionEngineImpl - Directory not found with name index-org. Create a new one
weso.ggestion.core.business.SuggestionException: Directory not found
	at weso.ggestion.core.business.AbstractSuggestionEngine.getDirectory(AbstractSuggestionEngine.java:42)
	at weso.ggestion.core.business.impl.SuggestionEngineImpl.indexEntities(SuggestionEngineImpl.java:263)
	at weso.ggestion.facade.WESOggestionImpl.indexEntities(WESOggestionImpl.java:29)
	at main.Main.main(Main.java:28)
2012-07-13 13:32:28 TRACE util.SystemUtils - Using thread classloader
2012-07-13 13:32:28 TRACE lib.SystemUtils - Using thread classloader
2012-07-13 13:32:28 DEBUG mgt.ARQMgt - Register MBean: com.hp.hpl.jena.sparql.system:type=Context
2012-07-13 13:32:28 DEBUG mgt.ARQMgt - Register MBean: com.hp.hpl.jena.sparql.system:type=Engine
2012-07-13 13:32:28 DEBUG mgt.ARQMgt - Register MBean: com.hp.hpl.jena.sparql.system:type=SystemInfo
2012-07-13 13:32:28 DEBUG mgt.ARQMgt - Register MBean: com.hp.hpl.jena.sparql.system:type=SystemInfo
2012-07-13 13:32:28 DEBUG mgt.ARQMgt - Register MBean: org.openjena.riot.system:type=SystemInfo
2012-07-13 13:32:28 TRACE http.HttpQuery - URL: http://156.35.31.192:9003/sparql
2012-07-13 13:32:28 TRACE http.HttpQuery - query=SELECT++%3Fresource+%3Flabel+%3Facrom%0AFROM+%3Chttp%3A%2F%2Fdatos.bcn.cl%2Frecurso%2Forganismo%2F%3E%0AFROM+%3Chttp%3A%2F%2Fdatos.bcn.cl%2Frecurso%2Fcl%2Forganismo%2F%3E%0AFROM+%3Chttp%3A%2F%2Fdatos.bcn.cl%2Frecurso%2Fcl%2Forganismo%2Fpartido-politico%2F%3E%0AWHERE%0A++%7B+%3Fresource+%3Chttp%3A%2F%2Fwww.w3.org%2F1999%2F02%2F22-rdf-syntax-ns%23type%3E+%3Chttp%3A%2F%2Fwww.w3.org%2Fns%2Forg%23FormalOrganization%3E+.%0A++++%3Fresource+%3Chttp%3A%2F%2Fwww.w3.org%2F2000%2F01%2Frdf-schema%23label%3E+%3Flabel%0A++++OPTIONAL%0A++++++%7B+%3Fresource+%3Chttp%3A%2F%2Fdatos.bcn.cl%2Fontologies%2Fbcn-biographies%23hasAcronym%3E+%3Facrom+%7D%0A++%7D%0A
2012-07-13 13:32:28 TRACE http.HttpQuery - GET http://156.35.31.192:9003/sparql?query=SELECT++%3Fresource+%3Flabel+%3Facrom%0AFROM+%3Chttp%3A%2F%2Fdatos.bcn.cl%2Frecurso%2Forganismo%2F%3E%0AFROM+%3Chttp%3A%2F%2Fdatos.bcn.cl%2Frecurso%2Fcl%2Forganismo%2F%3E%0AFROM+%3Chttp%3A%2F%2Fdatos.bcn.cl%2Frecurso%2Fcl%2Forganismo%2Fpartido-politico%2F%3E%0AWHERE%0A++%7B+%3Fresource+%3Chttp%3A%2F%2Fwww.w3.org%2F1999%2F02%2F22-rdf-syntax-ns%23type%3E+%3Chttp%3A%2F%2Fwww.w3.org%2Fns%2Forg%23FormalOrganization%3E+.%0A++++%3Fresource+%3Chttp%3A%2F%2Fwww.w3.org%2F2000%2F01%2Frdf-schema%23label%3E+%3Flabel%0A++++OPTIONAL%0A++++++%7B+%3Fresource+%3Chttp%3A%2F%2Fdatos.bcn.cl%2Fontologies%2Fbcn-biographies%23hasAcronym%3E+%3Facrom+%7D%0A++%7D%0A
2012-07-13 13:32:30  INFO impl.SuggestionEngineImpl - Begin the entity indexation index-org
2012-07-13 13:32:30  INFO impl.SuggestionEngineImpl - Search directory
2012-07-13 13:32:41  INFO impl.SuggestionEngineImpl - Borrado: true
2012-07-13 13:32:50 TRACE http.HttpQuery - URL: http://156.35.31.192:9003/sparql
2012-07-13 13:32:50 TRACE http.HttpQuery - query=SELECT++%3Fresource+%3Flabel+%3Facrom%0AFROM+%3Chttp%3A%2F%2Fdatos.bcn.cl%2Frecurso%2Forganismo%2F%3E%0AFROM+%3Chttp%3A%2F%2Fdatos.bcn.cl%2Frecurso%2Fcl%2Forganismo%2F%3E%0AFROM+%3Chttp%3A%2F%2Fdatos.bcn.cl%2Frecurso%2Fcl%2Forganismo%2Fpartido-politico%2F%3E%0AWHERE%0A++%7B+%3Fresource+%3Chttp%3A%2F%2Fwww.w3.org%2F1999%2F02%2F22-rdf-syntax-ns%23type%3E+%3Chttp%3A%2F%2Fwww.w3.org%2Fns%2Forg%23FormalOrganization%3E+.%0A++++%3Fresource+%3Chttp%3A%2F%2Fwww.w3.org%2F2000%2F01%2Frdf-schema%23label%3E+%3Flabel%0A++++OPTIONAL%0A++++++%7B+%3Fresource+%3Chttp%3A%2F%2Fdatos.bcn.cl%2Fontologies%2Fbcn-biographies%23hasAcronym%3E+%3Facrom+%7D%0A++%7D%0A
2012-07-13 13:32:50 TRACE http.HttpQuery - GET http://156.35.31.192:9003/sparql?query=SELECT++%3Fresource+%3Flabel+%3Facrom%0AFROM+%3Chttp%3A%2F%2Fdatos.bcn.cl%2Frecurso%2Forganismo%2F%3E%0AFROM+%3Chttp%3A%2F%2Fdatos.bcn.cl%2Frecurso%2Fcl%2Forganismo%2F%3E%0AFROM+%3Chttp%3A%2F%2Fdatos.bcn.cl%2Frecurso%2Fcl%2Forganismo%2Fpartido-politico%2F%3E%0AWHERE%0A++%7B+%3Fresource+%3Chttp%3A%2F%2Fwww.w3.org%2F1999%2F02%2F22-rdf-syntax-ns%23type%3E+%3Chttp%3A%2F%2Fwww.w3.org%2Fns%2Forg%23FormalOrganization%3E+.%0A++++%3Fresource+%3Chttp%3A%2F%2Fwww.w3.org%2F2000%2F01%2Frdf-schema%23label%3E+%3Flabel%0A++++OPTIONAL%0A++++++%7B+%3Fresource+%3Chttp%3A%2F%2Fdatos.bcn.cl%2Fontologies%2Fbcn-biographies%23hasAcronym%3E+%3Facrom+%7D%0A++%7D%0A
2012-07-13 13:32:52  INFO impl.SuggestionEngineImpl - Start searching suggestions for the label "Ministerio de economía" in the directory index-org
2012-07-13 13:32:52  INFO impl.SuggestionEngineImpl - Performing a BasicQuery
2012-07-20 11:56:46  INFO impl.SuggestionEngineImpl2 - Begin the entity indexation indexram-org
2012-07-20 11:56:46  INFO impl.SuggestionEngineImpl2 - Search directory
2012-07-20 11:56:46 ERROR impl.SuggestionEngineImpl2 - Directory not found with name indexram-org. Create a new one
weso.ggestion.core.business.SuggestionException: Directory not found
	at weso.ggestion.core.business.AbstractSuggestionEngine.getDirectory(AbstractSuggestionEngine.java:42)
	at weso.ggestion.core.business.impl.SuggestionEngineImpl2.indexEntities(SuggestionEngineImpl2.java:219)
	at weso.ggestion.facade.WESOggestionImpl.indexEntities(WESOggestionImpl.java:29)
	at main.Main.main(Main.java:28)
2012-07-20 11:56:46 ERROR impl.SuggestionEngineImpl2 - Error indexing entities
org.apache.lucene.store.NoSuchDirectoryException: directory 'C:\Users\Nacho\Android\WESOggestion\indexram-org' does not exist
	at org.apache.lucene.store.FSDirectory.listAll(FSDirectory.java:218)
	at org.apache.lucene.store.FSDirectory.listAll(FSDirectory.java:241)
	at org.apache.lucene.store.RAMDirectory.<init>(RAMDirectory.java:104)
	at org.apache.lucene.store.RAMDirectory.<init>(RAMDirectory.java:97)
	at weso.ggestion.core.business.impl.SuggestionEngineImpl2.indexEntities(SuggestionEngineImpl2.java:237)
	at weso.ggestion.facade.WESOggestionImpl.indexEntities(WESOggestionImpl.java:29)
	at main.Main.main(Main.java:28)
2012-07-20 12:09:03  INFO impl.SuggestionEngineImpl2 - Begin the entity indexation indexram-org
2012-07-20 12:09:03  INFO impl.SuggestionEngineImpl2 - Search directory
2012-07-20 12:09:03 ERROR impl.SuggestionEngineImpl2 - Directory not found with name indexram-org. Create a new one
weso.ggestion.core.business.SuggestionException: Directory not found
	at weso.ggestion.core.business.AbstractSuggestionEngine.getDirectory(AbstractSuggestionEngine.java:42)
	at weso.ggestion.core.business.impl.SuggestionEngineImpl2.indexEntities(SuggestionEngineImpl2.java:220)
	at weso.ggestion.facade.WESOggestionImpl.indexEntities(WESOggestionImpl.java:29)
	at main.Main.main(Main.java:28)
2012-07-20 12:09:03 ERROR impl.SuggestionEngineImpl2 - Error indexing entities
org.apache.lucene.store.NoSuchDirectoryException: directory 'C:\Users\Nacho\Android\WESOggestion\indexram-org' does not exist
	at org.apache.lucene.store.FSDirectory.listAll(FSDirectory.java:218)
	at org.apache.lucene.store.FSDirectory.listAll(FSDirectory.java:241)
	at org.apache.lucene.store.RAMDirectory.<init>(RAMDirectory.java:104)
	at org.apache.lucene.store.RAMDirectory.<init>(RAMDirectory.java:97)
	at weso.ggestion.core.business.impl.SuggestionEngineImpl2.indexEntities(SuggestionEngineImpl2.java:238)
	at weso.ggestion.facade.WESOggestionImpl.indexEntities(WESOggestionImpl.java:29)
	at main.Main.main(Main.java:28)
2012-07-20 12:11:17  INFO impl.SuggestionEngineImpl2 - Begin the entity indexation indexram-org
2012-07-20 12:11:17  INFO impl.SuggestionEngineImpl2 - Search directory
2012-07-20 12:11:17 ERROR impl.SuggestionEngineImpl2 - Directory not found with name indexram-org. Create a new one
weso.ggestion.core.business.SuggestionException: Directory not found
	at weso.ggestion.core.business.AbstractSuggestionEngine.getDirectory(AbstractSuggestionEngine.java:42)
	at weso.ggestion.core.business.impl.SuggestionEngineImpl2.indexEntities(SuggestionEngineImpl2.java:220)
	at weso.ggestion.facade.WESOggestionImpl.indexEntities(WESOggestionImpl.java:29)
	at main.Main.main(Main.java:28)
2012-07-20 12:11:17 ERROR impl.SuggestionEngineImpl2 - Error indexing entities
org.apache.lucene.store.NoSuchDirectoryException: directory 'C:\Users\Nacho\Android\WESOggestion\indexram-org' does not exist
	at org.apache.lucene.store.FSDirectory.listAll(FSDirectory.java:218)
	at org.apache.lucene.store.FSDirectory.listAll(FSDirectory.java:241)
	at org.apache.lucene.store.RAMDirectory.<init>(RAMDirectory.java:104)
	at org.apache.lucene.store.RAMDirectory.<init>(RAMDirectory.java:97)
	at weso.ggestion.core.business.impl.SuggestionEngineImpl2.indexEntities(SuggestionEngineImpl2.java:238)
	at weso.ggestion.facade.WESOggestionImpl.indexEntities(WESOggestionImpl.java:29)
	at main.Main.main(Main.java:28)
2012-07-20 12:11:43  INFO impl.SuggestionEngineImpl2 - Begin the entity indexation indexram-org
2012-07-20 12:11:45  INFO impl.SuggestionEngineImpl2 - Search directory
2012-07-20 12:11:56 ERROR impl.SuggestionEngineImpl2 - Directory not found with name indexram-org. Create a new one
weso.ggestion.core.business.SuggestionException: Directory not found
	at weso.ggestion.core.business.AbstractSuggestionEngine.getDirectory(AbstractSuggestionEngine.java:42)
	at weso.ggestion.core.business.impl.SuggestionEngineImpl2.indexEntities(SuggestionEngineImpl2.java:220)
	at weso.ggestion.facade.WESOggestionImpl.indexEntities(WESOggestionImpl.java:29)
	at main.Main.main(Main.java:28)
2012-07-20 12:12:48 ERROR impl.SuggestionEngineImpl2 - Error indexing entities
org.apache.lucene.store.NoSuchDirectoryException: directory 'C:\Users\Nacho\Android\WESOggestion\indexram-org' does not exist
	at org.apache.lucene.store.FSDirectory.listAll(FSDirectory.java:218)
	at org.apache.lucene.store.FSDirectory.listAll(FSDirectory.java:241)
	at org.apache.lucene.store.RAMDirectory.<init>(RAMDirectory.java:104)
	at org.apache.lucene.store.RAMDirectory.<init>(RAMDirectory.java:97)
	at weso.ggestion.core.business.impl.SuggestionEngineImpl2.indexEntities(SuggestionEngineImpl2.java:238)
	at weso.ggestion.facade.WESOggestionImpl.indexEntities(WESOggestionImpl.java:29)
	at main.Main.main(Main.java:28)
2012-07-20 12:29:15  INFO impl.SuggestionEngineImpl2 - Begin the entity indexation indexram-org
2012-07-20 12:29:17  INFO impl.SuggestionEngineImpl2 - Search directory
2012-07-20 12:29:21 ERROR impl.SuggestionEngineImpl2 - Directory not found with name indexram-org. Create a new one
weso.ggestion.core.business.SuggestionException: Directory not found
	at weso.ggestion.core.business.AbstractSuggestionEngine.getDirectory(AbstractSuggestionEngine.java:42)
	at weso.ggestion.core.business.impl.SuggestionEngineImpl2.indexEntities(SuggestionEngineImpl2.java:221)
	at weso.ggestion.facade.WESOggestionImpl.indexEntities(WESOggestionImpl.java:29)
	at main.Main.main(Main.java:28)
2012-07-20 12:29:47 ERROR impl.SuggestionEngineImpl2 - Error indexing entities
org.apache.lucene.store.NoSuchDirectoryException: directory 'C:\Users\Nacho\Android\WESOggestion\indexram-org' does not exist
	at org.apache.lucene.store.FSDirectory.listAll(FSDirectory.java:218)
	at org.apache.lucene.store.FSDirectory.listAll(FSDirectory.java:241)
	at org.apache.lucene.store.RAMDirectory.<init>(RAMDirectory.java:104)
	at org.apache.lucene.store.RAMDirectory.<init>(RAMDirectory.java:97)
	at weso.ggestion.core.business.impl.SuggestionEngineImpl2.indexEntities(SuggestionEngineImpl2.java:240)
	at weso.ggestion.facade.WESOggestionImpl.indexEntities(WESOggestionImpl.java:29)
	at main.Main.main(Main.java:28)
2012-07-20 12:48:32  INFO impl.SuggestionEngineImpl2 - Begin the entity indexation indexram-org
2012-07-20 12:48:32  INFO impl.SuggestionEngineImpl2 - Search directory
2012-07-20 12:48:32 ERROR impl.SuggestionEngineImpl2 - Directory not found with name indexram-org. Create a new one
weso.ggestion.core.business.SuggestionException: Directory not found
	at weso.ggestion.core.business.AbstractSuggestionEngine.getDirectory(AbstractSuggestionEngine.java:42)
	at weso.ggestion.core.business.impl.SuggestionEngineImpl2.indexEntities(SuggestionEngineImpl2.java:219)
	at weso.ggestion.facade.WESOggestionImpl.indexEntities(WESOggestionImpl.java:29)
	at main.Main.main(Main.java:28)
2012-07-20 12:48:33 TRACE util.SystemUtils - Using thread classloader
2012-07-20 12:48:33 TRACE lib.SystemUtils - Using thread classloader
2012-07-20 12:48:33 DEBUG mgt.ARQMgt - Register MBean: com.hp.hpl.jena.sparql.system:type=Context
2012-07-20 12:48:33 DEBUG mgt.ARQMgt - Register MBean: com.hp.hpl.jena.sparql.system:type=Engine
2012-07-20 12:48:33 DEBUG mgt.ARQMgt - Register MBean: com.hp.hpl.jena.sparql.system:type=SystemInfo
2012-07-20 12:48:33 DEBUG mgt.ARQMgt - Register MBean: com.hp.hpl.jena.sparql.system:type=SystemInfo
2012-07-20 12:48:33 DEBUG mgt.ARQMgt - Register MBean: org.openjena.riot.system:type=SystemInfo
2012-07-20 12:48:34 TRACE http.HttpQuery - URL: http://156.35.31.192:9003/sparql
2012-07-20 12:48:34 TRACE http.HttpQuery - query=SELECT++%3Fresource+%3Flabel+%3Facrom%0AFROM+%3Chttp%3A%2F%2Fdatos.bcn.cl%2Frecurso%2Forganismo%2F%3E%0AFROM+%3Chttp%3A%2F%2Fdatos.bcn.cl%2Frecurso%2Fcl%2Forganismo%2F%3E%0AFROM+%3Chttp%3A%2F%2Fdatos.bcn.cl%2Frecurso%2Fcl%2Forganismo%2Fpartido-politico%2F%3E%0AWHERE%0A++%7B+%3Fresource+%3Chttp%3A%2F%2Fwww.w3.org%2F1999%2F02%2F22-rdf-syntax-ns%23type%3E+%3Chttp%3A%2F%2Fwww.w3.org%2Fns%2Forg%23FormalOrganization%3E+.%0A++++%3Fresource+%3Chttp%3A%2F%2Fwww.w3.org%2F2000%2F01%2Frdf-schema%23label%3E+%3Flabel%0A++++OPTIONAL%0A++++++%7B+%3Fresource+%3Chttp%3A%2F%2Fdatos.bcn.cl%2Fontologies%2Fbcn-biographies%23hasAcronym%3E+%3Facrom+%7D%0A++%7D%0A
2012-07-20 12:48:34 TRACE http.HttpQuery - GET http://156.35.31.192:9003/sparql?query=SELECT++%3Fresource+%3Flabel+%3Facrom%0AFROM+%3Chttp%3A%2F%2Fdatos.bcn.cl%2Frecurso%2Forganismo%2F%3E%0AFROM+%3Chttp%3A%2F%2Fdatos.bcn.cl%2Frecurso%2Fcl%2Forganismo%2F%3E%0AFROM+%3Chttp%3A%2F%2Fdatos.bcn.cl%2Frecurso%2Fcl%2Forganismo%2Fpartido-politico%2F%3E%0AWHERE%0A++%7B+%3Fresource+%3Chttp%3A%2F%2Fwww.w3.org%2F1999%2F02%2F22-rdf-syntax-ns%23type%3E+%3Chttp%3A%2F%2Fwww.w3.org%2Fns%2Forg%23FormalOrganization%3E+.%0A++++%3Fresource+%3Chttp%3A%2F%2Fwww.w3.org%2F2000%2F01%2Frdf-schema%23label%3E+%3Flabel%0A++++OPTIONAL%0A++++++%7B+%3Fresource+%3Chttp%3A%2F%2Fdatos.bcn.cl%2Fontologies%2Fbcn-biographies%23hasAcronym%3E+%3Facrom+%7D%0A++%7D%0A
2012-07-20 12:48:36  INFO impl.SuggestionEngineImpl2 - Begin the entity indexation indexram-org
2012-07-20 12:48:36  INFO impl.SuggestionEngineImpl2 - Search directory
2012-07-20 12:48:36  INFO impl.SuggestionEngineImpl2 - Delete success of directory indexram-org: trueC:\Users\Nacho\Android\WESOggestion\indexram-org
2012-07-20 12:48:36 TRACE http.HttpQuery - URL: http://156.35.31.192:9003/sparql
2012-07-20 12:48:36 TRACE http.HttpQuery - query=SELECT++%3Fresource+%3Flabel+%3Facrom%0AFROM+%3Chttp%3A%2F%2Fdatos.bcn.cl%2Frecurso%2Forganismo%2F%3E%0AFROM+%3Chttp%3A%2F%2Fdatos.bcn.cl%2Frecurso%2Fcl%2Forganismo%2F%3E%0AFROM+%3Chttp%3A%2F%2Fdatos.bcn.cl%2Frecurso%2Fcl%2Forganismo%2Fpartido-politico%2F%3E%0AWHERE%0A++%7B+%3Fresource+%3Chttp%3A%2F%2Fwww.w3.org%2F1999%2F02%2F22-rdf-syntax-ns%23type%3E+%3Chttp%3A%2F%2Fwww.w3.org%2Fns%2Forg%23FormalOrganization%3E+.%0A++++%3Fresource+%3Chttp%3A%2F%2Fwww.w3.org%2F2000%2F01%2Frdf-schema%23label%3E+%3Flabel%0A++++OPTIONAL%0A++++++%7B+%3Fresource+%3Chttp%3A%2F%2Fdatos.bcn.cl%2Fontologies%2Fbcn-biographies%23hasAcronym%3E+%3Facrom+%7D%0A++%7D%0A
2012-07-20 12:48:36 TRACE http.HttpQuery - GET http://156.35.31.192:9003/sparql?query=SELECT++%3Fresource+%3Flabel+%3Facrom%0AFROM+%3Chttp%3A%2F%2Fdatos.bcn.cl%2Frecurso%2Forganismo%2F%3E%0AFROM+%3Chttp%3A%2F%2Fdatos.bcn.cl%2Frecurso%2Fcl%2Forganismo%2F%3E%0AFROM+%3Chttp%3A%2F%2Fdatos.bcn.cl%2Frecurso%2Fcl%2Forganismo%2Fpartido-politico%2F%3E%0AWHERE%0A++%7B+%3Fresource+%3Chttp%3A%2F%2Fwww.w3.org%2F1999%2F02%2F22-rdf-syntax-ns%23type%3E+%3Chttp%3A%2F%2Fwww.w3.org%2Fns%2Forg%23FormalOrganization%3E+.%0A++++%3Fresource+%3Chttp%3A%2F%2Fwww.w3.org%2F2000%2F01%2Frdf-schema%23label%3E+%3Flabel%0A++++OPTIONAL%0A++++++%7B+%3Fresource+%3Chttp%3A%2F%2Fdatos.bcn.cl%2Fontologies%2Fbcn-biographies%23hasAcronym%3E+%3Facrom+%7D%0A++%7D%0A
2012-07-20 12:48:37  INFO impl.SuggestionEngineImpl2 - Start searching suggestions for the label "Ministerio de economía" in the directory index-org
2012-07-20 12:49:16  INFO impl.SuggestionEngineImpl2 - Begin the entity indexation indexram-org
2012-07-20 12:49:16  INFO impl.SuggestionEngineImpl2 - Search directory
2012-07-20 12:49:16 ERROR impl.SuggestionEngineImpl2 - Directory not found with name indexram-org. Create a new one
weso.ggestion.core.business.SuggestionException: Directory not found
	at weso.ggestion.core.business.AbstractSuggestionEngine.getDirectory(AbstractSuggestionEngine.java:42)
	at weso.ggestion.core.business.impl.SuggestionEngineImpl2.indexEntities(SuggestionEngineImpl2.java:219)
	at weso.ggestion.facade.WESOggestionImpl.indexEntities(WESOggestionImpl.java:29)
	at main.Main.main(Main.java:28)
2012-07-20 12:49:16 TRACE util.SystemUtils - Using thread classloader
2012-07-20 12:49:16 TRACE lib.SystemUtils - Using thread classloader
2012-07-20 12:49:16 DEBUG mgt.ARQMgt - Register MBean: com.hp.hpl.jena.sparql.system:type=Context
2012-07-20 12:49:16 DEBUG mgt.ARQMgt - Register MBean: com.hp.hpl.jena.sparql.system:type=Engine
2012-07-20 12:49:16 DEBUG mgt.ARQMgt - Register MBean: com.hp.hpl.jena.sparql.system:type=SystemInfo
2012-07-20 12:49:16 DEBUG mgt.ARQMgt - Register MBean: com.hp.hpl.jena.sparql.system:type=SystemInfo
2012-07-20 12:49:16 DEBUG mgt.ARQMgt - Register MBean: org.openjena.riot.system:type=SystemInfo
2012-07-20 12:49:16 TRACE http.HttpQuery - URL: http://156.35.31.192:9003/sparql
2012-07-20 12:49:16 TRACE http.HttpQuery - query=SELECT++%3Fresource+%3Flabel+%3Facrom%0AFROM+%3Chttp%3A%2F%2Fdatos.bcn.cl%2Frecurso%2Forganismo%2F%3E%0AFROM+%3Chttp%3A%2F%2Fdatos.bcn.cl%2Frecurso%2Fcl%2Forganismo%2F%3E%0AFROM+%3Chttp%3A%2F%2Fdatos.bcn.cl%2Frecurso%2Fcl%2Forganismo%2Fpartido-politico%2F%3E%0AWHERE%0A++%7B+%3Fresource+%3Chttp%3A%2F%2Fwww.w3.org%2F1999%2F02%2F22-rdf-syntax-ns%23type%3E+%3Chttp%3A%2F%2Fwww.w3.org%2Fns%2Forg%23FormalOrganization%3E+.%0A++++%3Fresource+%3Chttp%3A%2F%2Fwww.w3.org%2F2000%2F01%2Frdf-schema%23label%3E+%3Flabel%0A++++OPTIONAL%0A++++++%7B+%3Fresource+%3Chttp%3A%2F%2Fdatos.bcn.cl%2Fontologies%2Fbcn-biographies%23hasAcronym%3E+%3Facrom+%7D%0A++%7D%0A
2012-07-20 12:49:16 TRACE http.HttpQuery - GET http://156.35.31.192:9003/sparql?query=SELECT++%3Fresource+%3Flabel+%3Facrom%0AFROM+%3Chttp%3A%2F%2Fdatos.bcn.cl%2Frecurso%2Forganismo%2F%3E%0AFROM+%3Chttp%3A%2F%2Fdatos.bcn.cl%2Frecurso%2Fcl%2Forganismo%2F%3E%0AFROM+%3Chttp%3A%2F%2Fdatos.bcn.cl%2Frecurso%2Fcl%2Forganismo%2Fpartido-politico%2F%3E%0AWHERE%0A++%7B+%3Fresource+%3Chttp%3A%2F%2Fwww.w3.org%2F1999%2F02%2F22-rdf-syntax-ns%23type%3E+%3Chttp%3A%2F%2Fwww.w3.org%2Fns%2Forg%23FormalOrganization%3E+.%0A++++%3Fresource+%3Chttp%3A%2F%2Fwww.w3.org%2F2000%2F01%2Frdf-schema%23label%3E+%3Flabel%0A++++OPTIONAL%0A++++++%7B+%3Fresource+%3Chttp%3A%2F%2Fdatos.bcn.cl%2Fontologies%2Fbcn-biographies%23hasAcronym%3E+%3Facrom+%7D%0A++%7D%0A
2012-07-20 12:49:18  INFO impl.SuggestionEngineImpl2 - Begin the entity indexation indexram-org
2012-07-20 12:49:18  INFO impl.SuggestionEngineImpl2 - Search directory
2012-07-20 12:49:18  INFO impl.SuggestionEngineImpl2 - Delete success of directory indexram-org: trueC:\Users\Nacho\Android\WESOggestion\indexram-org
2012-07-20 12:49:18 TRACE http.HttpQuery - URL: http://156.35.31.192:9003/sparql
2012-07-20 12:49:18 TRACE http.HttpQuery - query=SELECT++%3Fresource+%3Flabel+%3Facrom%0AFROM+%3Chttp%3A%2F%2Fdatos.bcn.cl%2Frecurso%2Forganismo%2F%3E%0AFROM+%3Chttp%3A%2F%2Fdatos.bcn.cl%2Frecurso%2Fcl%2Forganismo%2F%3E%0AFROM+%3Chttp%3A%2F%2Fdatos.bcn.cl%2Frecurso%2Fcl%2Forganismo%2Fpartido-politico%2F%3E%0AWHERE%0A++%7B+%3Fresource+%3Chttp%3A%2F%2Fwww.w3.org%2F1999%2F02%2F22-rdf-syntax-ns%23type%3E+%3Chttp%3A%2F%2Fwww.w3.org%2Fns%2Forg%23FormalOrganization%3E+.%0A++++%3Fresource+%3Chttp%3A%2F%2Fwww.w3.org%2F2000%2F01%2Frdf-schema%23label%3E+%3Flabel%0A++++OPTIONAL%0A++++++%7B+%3Fresource+%3Chttp%3A%2F%2Fdatos.bcn.cl%2Fontologies%2Fbcn-biographies%23hasAcronym%3E+%3Facrom+%7D%0A++%7D%0A
2012-07-20 12:49:18 TRACE http.HttpQuery - GET http://156.35.31.192:9003/sparql?query=SELECT++%3Fresource+%3Flabel+%3Facrom%0AFROM+%3Chttp%3A%2F%2Fdatos.bcn.cl%2Frecurso%2Forganismo%2F%3E%0AFROM+%3Chttp%3A%2F%2Fdatos.bcn.cl%2Frecurso%2Fcl%2Forganismo%2F%3E%0AFROM+%3Chttp%3A%2F%2Fdatos.bcn.cl%2Frecurso%2Fcl%2Forganismo%2Fpartido-politico%2F%3E%0AWHERE%0A++%7B+%3Fresource+%3Chttp%3A%2F%2Fwww.w3.org%2F1999%2F02%2F22-rdf-syntax-ns%23type%3E+%3Chttp%3A%2F%2Fwww.w3.org%2Fns%2Forg%23FormalOrganization%3E+.%0A++++%3Fresource+%3Chttp%3A%2F%2Fwww.w3.org%2F2000%2F01%2Frdf-schema%23label%3E+%3Flabel%0A++++OPTIONAL%0A++++++%7B+%3Fresource+%3Chttp%3A%2F%2Fdatos.bcn.cl%2Fontologies%2Fbcn-biographies%23hasAcronym%3E+%3Facrom+%7D%0A++%7D%0A
2012-07-20 12:49:19  INFO impl.SuggestionEngineImpl2 - Start searching suggestions for the label "Ministerio de economía" in the directory indexram-org
2012-07-20 12:49:19  INFO impl.SuggestionEngineImpl2 - Performing a BasicQuery
2012-07-20 13:23:20  INFO impl.SuggestionEngineImpl2 - Begin the entity indexation indexram-org
2012-07-20 13:23:20  INFO impl.SuggestionEngineImpl2 - Search directory
2012-07-20 13:23:20 ERROR impl.SuggestionEngineImpl2 - Directory not found with name indexram-org. Create a new one
weso.ggestion.core.business.SuggestionException: Directory not found
	at weso.ggestion.core.business.AbstractSuggestionEngine.getDirectory(AbstractSuggestionEngine.java:42)
	at weso.ggestion.core.business.impl.SuggestionEngineImpl2.indexEntities(SuggestionEngineImpl2.java:217)
	at weso.ggestion.facade.WESOggestionImpl.indexEntities(WESOggestionImpl.java:29)
	at main.Main.main(Main.java:28)
2012-07-20 13:23:20 TRACE util.SystemUtils - Using thread classloader
2012-07-20 13:23:20 TRACE lib.SystemUtils - Using thread classloader
2012-07-20 13:23:20 DEBUG mgt.ARQMgt - Register MBean: com.hp.hpl.jena.sparql.system:type=Context
2012-07-20 13:23:20 DEBUG mgt.ARQMgt - Register MBean: com.hp.hpl.jena.sparql.system:type=Engine
2012-07-20 13:23:20 DEBUG mgt.ARQMgt - Register MBean: com.hp.hpl.jena.sparql.system:type=SystemInfo
2012-07-20 13:23:20 DEBUG mgt.ARQMgt - Register MBean: com.hp.hpl.jena.sparql.system:type=SystemInfo
2012-07-20 13:23:20 DEBUG mgt.ARQMgt - Register MBean: org.openjena.riot.system:type=SystemInfo
2012-07-20 13:23:20 TRACE http.HttpQuery - URL: http://156.35.31.192:9003/sparql
2012-07-20 13:23:20 TRACE http.HttpQuery - query=SELECT++%3Fresource+%3Flabel+%3Facrom%0AFROM+%3Chttp%3A%2F%2Fdatos.bcn.cl%2Frecurso%2Forganismo%2F%3E%0AFROM+%3Chttp%3A%2F%2Fdatos.bcn.cl%2Frecurso%2Fcl%2Forganismo%2F%3E%0AFROM+%3Chttp%3A%2F%2Fdatos.bcn.cl%2Frecurso%2Fcl%2Forganismo%2Fpartido-politico%2F%3E%0AWHERE%0A++%7B+%3Fresource+%3Chttp%3A%2F%2Fwww.w3.org%2F1999%2F02%2F22-rdf-syntax-ns%23type%3E+%3Chttp%3A%2F%2Fwww.w3.org%2Fns%2Forg%23FormalOrganization%3E+.%0A++++%3Fresource+%3Chttp%3A%2F%2Fwww.w3.org%2F2000%2F01%2Frdf-schema%23label%3E+%3Flabel%0A++++OPTIONAL%0A++++++%7B+%3Fresource+%3Chttp%3A%2F%2Fdatos.bcn.cl%2Fontologies%2Fbcn-biographies%23hasAcronym%3E+%3Facrom+%7D%0A++%7D%0A
2012-07-20 13:23:20 TRACE http.HttpQuery - GET http://156.35.31.192:9003/sparql?query=SELECT++%3Fresource+%3Flabel+%3Facrom%0AFROM+%3Chttp%3A%2F%2Fdatos.bcn.cl%2Frecurso%2Forganismo%2F%3E%0AFROM+%3Chttp%3A%2F%2Fdatos.bcn.cl%2Frecurso%2Fcl%2Forganismo%2F%3E%0AFROM+%3Chttp%3A%2F%2Fdatos.bcn.cl%2Frecurso%2Fcl%2Forganismo%2Fpartido-politico%2F%3E%0AWHERE%0A++%7B+%3Fresource+%3Chttp%3A%2F%2Fwww.w3.org%2F1999%2F02%2F22-rdf-syntax-ns%23type%3E+%3Chttp%3A%2F%2Fwww.w3.org%2Fns%2Forg%23FormalOrganization%3E+.%0A++++%3Fresource+%3Chttp%3A%2F%2Fwww.w3.org%2F2000%2F01%2Frdf-schema%23label%3E+%3Flabel%0A++++OPTIONAL%0A++++++%7B+%3Fresource+%3Chttp%3A%2F%2Fdatos.bcn.cl%2Fontologies%2Fbcn-biographies%23hasAcronym%3E+%3Facrom+%7D%0A++%7D%0A
2012-07-20 13:23:22  INFO impl.SuggestionEngineImpl2 - Begin the entity indexation indexram-org
2012-07-20 13:23:22  INFO impl.SuggestionEngineImpl2 - Search directory
2012-07-20 13:23:22  INFO impl.SuggestionEngineImpl2 - Delete success of directory indexram-org: falseC:\Users\Nacho\Android\WESOggestion\indexram-org
2012-07-20 13:23:22 TRACE http.HttpQuery - URL: http://156.35.31.192:9003/sparql
2012-07-20 13:23:22 TRACE http.HttpQuery - query=SELECT++%3Fresource+%3Flabel+%3Facrom%0AFROM+%3Chttp%3A%2F%2Fdatos.bcn.cl%2Frecurso%2Forganismo%2F%3E%0AFROM+%3Chttp%3A%2F%2Fdatos.bcn.cl%2Frecurso%2Fcl%2Forganismo%2F%3E%0AFROM+%3Chttp%3A%2F%2Fdatos.bcn.cl%2Frecurso%2Fcl%2Forganismo%2Fpartido-politico%2F%3E%0AWHERE%0A++%7B+%3Fresource+%3Chttp%3A%2F%2Fwww.w3.org%2F1999%2F02%2F22-rdf-syntax-ns%23type%3E+%3Chttp%3A%2F%2Fwww.w3.org%2Fns%2Forg%23FormalOrganization%3E+.%0A++++%3Fresource+%3Chttp%3A%2F%2Fwww.w3.org%2F2000%2F01%2Frdf-schema%23label%3E+%3Flabel%0A++++OPTIONAL%0A++++++%7B+%3Fresource+%3Chttp%3A%2F%2Fdatos.bcn.cl%2Fontologies%2Fbcn-biographies%23hasAcronym%3E+%3Facrom+%7D%0A++%7D%0A
2012-07-20 13:23:22 TRACE http.HttpQuery - GET http://156.35.31.192:9003/sparql?query=SELECT++%3Fresource+%3Flabel+%3Facrom%0AFROM+%3Chttp%3A%2F%2Fdatos.bcn.cl%2Frecurso%2Forganismo%2F%3E%0AFROM+%3Chttp%3A%2F%2Fdatos.bcn.cl%2Frecurso%2Fcl%2Forganismo%2F%3E%0AFROM+%3Chttp%3A%2F%2Fdatos.bcn.cl%2Frecurso%2Fcl%2Forganismo%2Fpartido-politico%2F%3E%0AWHERE%0A++%7B+%3Fresource+%3Chttp%3A%2F%2Fwww.w3.org%2F1999%2F02%2F22-rdf-syntax-ns%23type%3E+%3Chttp%3A%2F%2Fwww.w3.org%2Fns%2Forg%23FormalOrganization%3E+.%0A++++%3Fresource+%3Chttp%3A%2F%2Fwww.w3.org%2F2000%2F01%2Frdf-schema%23label%3E+%3Flabel%0A++++OPTIONAL%0A++++++%7B+%3Fresource+%3Chttp%3A%2F%2Fdatos.bcn.cl%2Fontologies%2Fbcn-biographies%23hasAcronym%3E+%3Facrom+%7D%0A++%7D%0A
2012-07-20 13:23:23  INFO impl.SuggestionEngineImpl2 - Start searching suggestions for the label "Ministerio de economía" in the directory indexram-org
2012-07-20 13:23:23  INFO impl.SuggestionEngineImpl2 - Performing a BasicQuery
2012-07-20 13:25:30  INFO impl.SuggestionEngineImpl2 - Begin the entity indexation indexram-org
2012-07-20 13:25:30  INFO impl.SuggestionEngineImpl2 - Search directory
2012-07-20 13:25:30 ERROR impl.SuggestionEngineImpl2 - Directory not found with name indexram-org. Create a new one
weso.ggestion.core.business.SuggestionException: Directory not found
	at weso.ggestion.core.business.AbstractSuggestionEngine.getDirectory(AbstractSuggestionEngine.java:42)
	at weso.ggestion.core.business.impl.SuggestionEngineImpl2.indexEntities(SuggestionEngineImpl2.java:215)
	at weso.ggestion.facade.WESOggestionImpl.indexEntities(WESOggestionImpl.java:29)
	at main.Main.main(Main.java:28)
2012-07-20 13:25:30 TRACE util.SystemUtils - Using thread classloader
2012-07-20 13:25:30 TRACE lib.SystemUtils - Using thread classloader
2012-07-20 13:25:30 DEBUG mgt.ARQMgt - Register MBean: com.hp.hpl.jena.sparql.system:type=Context
2012-07-20 13:25:30 DEBUG mgt.ARQMgt - Register MBean: com.hp.hpl.jena.sparql.system:type=Engine
2012-07-20 13:25:30 DEBUG mgt.ARQMgt - Register MBean: com.hp.hpl.jena.sparql.system:type=SystemInfo
2012-07-20 13:25:30 DEBUG mgt.ARQMgt - Register MBean: com.hp.hpl.jena.sparql.system:type=SystemInfo
2012-07-20 13:25:30 DEBUG mgt.ARQMgt - Register MBean: org.openjena.riot.system:type=SystemInfo
2012-07-20 13:25:30 TRACE http.HttpQuery - URL: http://156.35.31.192:9003/sparql
2012-07-20 13:25:30 TRACE http.HttpQuery - query=SELECT++%3Fresource+%3Flabel+%3Facrom%0AFROM+%3Chttp%3A%2F%2Fdatos.bcn.cl%2Frecurso%2Forganismo%2F%3E%0AFROM+%3Chttp%3A%2F%2Fdatos.bcn.cl%2Frecurso%2Fcl%2Forganismo%2F%3E%0AFROM+%3Chttp%3A%2F%2Fdatos.bcn.cl%2Frecurso%2Fcl%2Forganismo%2Fpartido-politico%2F%3E%0AWHERE%0A++%7B+%3Fresource+%3Chttp%3A%2F%2Fwww.w3.org%2F1999%2F02%2F22-rdf-syntax-ns%23type%3E+%3Chttp%3A%2F%2Fwww.w3.org%2Fns%2Forg%23FormalOrganization%3E+.%0A++++%3Fresource+%3Chttp%3A%2F%2Fwww.w3.org%2F2000%2F01%2Frdf-schema%23label%3E+%3Flabel%0A++++OPTIONAL%0A++++++%7B+%3Fresource+%3Chttp%3A%2F%2Fdatos.bcn.cl%2Fontologies%2Fbcn-biographies%23hasAcronym%3E+%3Facrom+%7D%0A++%7D%0A
2012-07-20 13:25:30 TRACE http.HttpQuery - GET http://156.35.31.192:9003/sparql?query=SELECT++%3Fresource+%3Flabel+%3Facrom%0AFROM+%3Chttp%3A%2F%2Fdatos.bcn.cl%2Frecurso%2Forganismo%2F%3E%0AFROM+%3Chttp%3A%2F%2Fdatos.bcn.cl%2Frecurso%2Fcl%2Forganismo%2F%3E%0AFROM+%3Chttp%3A%2F%2Fdatos.bcn.cl%2Frecurso%2Fcl%2Forganismo%2Fpartido-politico%2F%3E%0AWHERE%0A++%7B+%3Fresource+%3Chttp%3A%2F%2Fwww.w3.org%2F1999%2F02%2F22-rdf-syntax-ns%23type%3E+%3Chttp%3A%2F%2Fwww.w3.org%2Fns%2Forg%23FormalOrganization%3E+.%0A++++%3Fresource+%3Chttp%3A%2F%2Fwww.w3.org%2F2000%2F01%2Frdf-schema%23label%3E+%3Flabel%0A++++OPTIONAL%0A++++++%7B+%3Fresource+%3Chttp%3A%2F%2Fdatos.bcn.cl%2Fontologies%2Fbcn-biographies%23hasAcronym%3E+%3Facrom+%7D%0A++%7D%0A
2012-07-20 13:25:32  INFO impl.SuggestionEngineImpl2 - Begin the entity indexation indexram-org
2012-07-20 13:25:32  INFO impl.SuggestionEngineImpl2 - Search directory
2012-07-20 13:25:32 TRACE http.HttpQuery - URL: http://156.35.31.192:9003/sparql
2012-07-20 13:25:32 TRACE http.HttpQuery - query=SELECT++%3Fresource+%3Flabel+%3Facrom%0AFROM+%3Chttp%3A%2F%2Fdatos.bcn.cl%2Frecurso%2Forganismo%2F%3E%0AFROM+%3Chttp%3A%2F%2Fdatos.bcn.cl%2Frecurso%2Fcl%2Forganismo%2F%3E%0AFROM+%3Chttp%3A%2F%2Fdatos.bcn.cl%2Frecurso%2Fcl%2Forganismo%2Fpartido-politico%2F%3E%0AWHERE%0A++%7B+%3Fresource+%3Chttp%3A%2F%2Fwww.w3.org%2F1999%2F02%2F22-rdf-syntax-ns%23type%3E+%3Chttp%3A%2F%2Fwww.w3.org%2Fns%2Forg%23FormalOrganization%3E+.%0A++++%3Fresource+%3Chttp%3A%2F%2Fwww.w3.org%2F2000%2F01%2Frdf-schema%23label%3E+%3Flabel%0A++++OPTIONAL%0A++++++%7B+%3Fresource+%3Chttp%3A%2F%2Fdatos.bcn.cl%2Fontologies%2Fbcn-biographies%23hasAcronym%3E+%3Facrom+%7D%0A++%7D%0A
2012-07-20 13:25:32 TRACE http.HttpQuery - GET http://156.35.31.192:9003/sparql?query=SELECT++%3Fresource+%3Flabel+%3Facrom%0AFROM+%3Chttp%3A%2F%2Fdatos.bcn.cl%2Frecurso%2Forganismo%2F%3E%0AFROM+%3Chttp%3A%2F%2Fdatos.bcn.cl%2Frecurso%2Fcl%2Forganismo%2F%3E%0AFROM+%3Chttp%3A%2F%2Fdatos.bcn.cl%2Frecurso%2Fcl%2Forganismo%2Fpartido-politico%2F%3E%0AWHERE%0A++%7B+%3Fresource+%3Chttp%3A%2F%2Fwww.w3.org%2F1999%2F02%2F22-rdf-syntax-ns%23type%3E+%3Chttp%3A%2F%2Fwww.w3.org%2Fns%2Forg%23FormalOrganization%3E+.%0A++++%3Fresource+%3Chttp%3A%2F%2Fwww.w3.org%2F2000%2F01%2Frdf-schema%23label%3E+%3Flabel%0A++++OPTIONAL%0A++++++%7B+%3Fresource+%3Chttp%3A%2F%2Fdatos.bcn.cl%2Fontologies%2Fbcn-biographies%23hasAcronym%3E+%3Facrom+%7D%0A++%7D%0A
2012-07-20 13:25:33  INFO impl.SuggestionEngineImpl2 - Start searching suggestions for the label "Ministerio de economía" in the directory indexram-org
2012-07-20 13:25:33  INFO impl.SuggestionEngineImpl2 - Performing a BasicQuery
2012-07-20 13:26:05  INFO impl.SuggestionEngineImplRAM - Begin the entity indexation indexram-org
2012-07-20 13:26:05  INFO impl.SuggestionEngineImplRAM - Search directory
2012-07-20 13:26:05 ERROR impl.SuggestionEngineImplRAM - Directory not found with name indexram-org. Create a new one
weso.ggestion.core.business.SuggestionException: Directory not found
	at weso.ggestion.core.business.AbstractSuggestionEngine.getDirectory(AbstractSuggestionEngine.java:42)
	at weso.ggestion.core.business.impl.SuggestionEngineImplRAM.indexEntities(SuggestionEngineImplRAM.java:215)
	at weso.ggestion.facade.WESOggestionImpl.indexEntities(WESOggestionImpl.java:29)
	at main.Main.main(Main.java:28)
2012-07-20 13:26:05 TRACE util.SystemUtils - Using thread classloader
2012-07-20 13:26:05 TRACE lib.SystemUtils - Using thread classloader
2012-07-20 13:26:05 DEBUG mgt.ARQMgt - Register MBean: com.hp.hpl.jena.sparql.system:type=Context
2012-07-20 13:26:05 DEBUG mgt.ARQMgt - Register MBean: com.hp.hpl.jena.sparql.system:type=Engine
2012-07-20 13:26:05 DEBUG mgt.ARQMgt - Register MBean: com.hp.hpl.jena.sparql.system:type=SystemInfo
2012-07-20 13:26:05 DEBUG mgt.ARQMgt - Register MBean: com.hp.hpl.jena.sparql.system:type=SystemInfo
2012-07-20 13:26:05 DEBUG mgt.ARQMgt - Register MBean: org.openjena.riot.system:type=SystemInfo
2012-07-20 13:26:06 TRACE http.HttpQuery - URL: http://156.35.31.192:9003/sparql
2012-07-20 13:26:06 TRACE http.HttpQuery - query=SELECT++%3Fresource+%3Flabel+%3Facrom%0AFROM+%3Chttp%3A%2F%2Fdatos.bcn.cl%2Frecurso%2Forganismo%2F%3E%0AFROM+%3Chttp%3A%2F%2Fdatos.bcn.cl%2Frecurso%2Fcl%2Forganismo%2F%3E%0AFROM+%3Chttp%3A%2F%2Fdatos.bcn.cl%2Frecurso%2Fcl%2Forganismo%2Fpartido-politico%2F%3E%0AWHERE%0A++%7B+%3Fresource+%3Chttp%3A%2F%2Fwww.w3.org%2F1999%2F02%2F22-rdf-syntax-ns%23type%3E+%3Chttp%3A%2F%2Fwww.w3.org%2Fns%2Forg%23FormalOrganization%3E+.%0A++++%3Fresource+%3Chttp%3A%2F%2Fwww.w3.org%2F2000%2F01%2Frdf-schema%23label%3E+%3Flabel%0A++++OPTIONAL%0A++++++%7B+%3Fresource+%3Chttp%3A%2F%2Fdatos.bcn.cl%2Fontologies%2Fbcn-biographies%23hasAcronym%3E+%3Facrom+%7D%0A++%7D%0A
2012-07-20 13:26:06 TRACE http.HttpQuery - GET http://156.35.31.192:9003/sparql?query=SELECT++%3Fresource+%3Flabel+%3Facrom%0AFROM+%3Chttp%3A%2F%2Fdatos.bcn.cl%2Frecurso%2Forganismo%2F%3E%0AFROM+%3Chttp%3A%2F%2Fdatos.bcn.cl%2Frecurso%2Fcl%2Forganismo%2F%3E%0AFROM+%3Chttp%3A%2F%2Fdatos.bcn.cl%2Frecurso%2Fcl%2Forganismo%2Fpartido-politico%2F%3E%0AWHERE%0A++%7B+%3Fresource+%3Chttp%3A%2F%2Fwww.w3.org%2F1999%2F02%2F22-rdf-syntax-ns%23type%3E+%3Chttp%3A%2F%2Fwww.w3.org%2Fns%2Forg%23FormalOrganization%3E+.%0A++++%3Fresource+%3Chttp%3A%2F%2Fwww.w3.org%2F2000%2F01%2Frdf-schema%23label%3E+%3Flabel%0A++++OPTIONAL%0A++++++%7B+%3Fresource+%3Chttp%3A%2F%2Fdatos.bcn.cl%2Fontologies%2Fbcn-biographies%23hasAcronym%3E+%3Facrom+%7D%0A++%7D%0A
2012-07-20 13:26:07  INFO impl.SuggestionEngineImplRAM - Begin the entity indexation indexram-org
2012-07-20 13:26:07  INFO impl.SuggestionEngineImplRAM - Search directory
2012-07-20 13:26:07 TRACE http.HttpQuery - URL: http://156.35.31.192:9003/sparql
2012-07-20 13:26:07 TRACE http.HttpQuery - query=SELECT++%3Fresource+%3Flabel+%3Facrom%0AFROM+%3Chttp%3A%2F%2Fdatos.bcn.cl%2Frecurso%2Forganismo%2F%3E%0AFROM+%3Chttp%3A%2F%2Fdatos.bcn.cl%2Frecurso%2Fcl%2Forganismo%2F%3E%0AFROM+%3Chttp%3A%2F%2Fdatos.bcn.cl%2Frecurso%2Fcl%2Forganismo%2Fpartido-politico%2F%3E%0AWHERE%0A++%7B+%3Fresource+%3Chttp%3A%2F%2Fwww.w3.org%2F1999%2F02%2F22-rdf-syntax-ns%23type%3E+%3Chttp%3A%2F%2Fwww.w3.org%2Fns%2Forg%23FormalOrganization%3E+.%0A++++%3Fresource+%3Chttp%3A%2F%2Fwww.w3.org%2F2000%2F01%2Frdf-schema%23label%3E+%3Flabel%0A++++OPTIONAL%0A++++++%7B+%3Fresource+%3Chttp%3A%2F%2Fdatos.bcn.cl%2Fontologies%2Fbcn-biographies%23hasAcronym%3E+%3Facrom+%7D%0A++%7D%0A
2012-07-20 13:26:07 TRACE http.HttpQuery - GET http://156.35.31.192:9003/sparql?query=SELECT++%3Fresource+%3Flabel+%3Facrom%0AFROM+%3Chttp%3A%2F%2Fdatos.bcn.cl%2Frecurso%2Forganismo%2F%3E%0AFROM+%3Chttp%3A%2F%2Fdatos.bcn.cl%2Frecurso%2Fcl%2Forganismo%2F%3E%0AFROM+%3Chttp%3A%2F%2Fdatos.bcn.cl%2Frecurso%2Fcl%2Forganismo%2Fpartido-politico%2F%3E%0AWHERE%0A++%7B+%3Fresource+%3Chttp%3A%2F%2Fwww.w3.org%2F1999%2F02%2F22-rdf-syntax-ns%23type%3E+%3Chttp%3A%2F%2Fwww.w3.org%2Fns%2Forg%23FormalOrganization%3E+.%0A++++%3Fresource+%3Chttp%3A%2F%2Fwww.w3.org%2F2000%2F01%2Frdf-schema%23label%3E+%3Flabel%0A++++OPTIONAL%0A++++++%7B+%3Fresource+%3Chttp%3A%2F%2Fdatos.bcn.cl%2Fontologies%2Fbcn-biographies%23hasAcronym%3E+%3Facrom+%7D%0A++%7D%0A
2012-07-20 13:26:08  INFO impl.SuggestionEngineImplRAM - Start searching suggestions for the label "Ministerio de economía" in the directory indexram-org
2012-07-20 13:26:08  INFO impl.SuggestionEngineImplRAM - Performing a BasicQuery
